This file contains any messages produced by compilers while
running configure, to aid debugging if configure makes a mistake.

It was created by configure, which was
generated by GNU Autoconf 2.69.  Invocation command line was

  $ ./configure --prefix=/usr/local/mmseg3

## --------- ##
## Platform. ##
## --------- ##

hostname = whatever
uname -m = x86_64
uname -r = 3.8.0-32-generic
uname -s = Linux
uname -v = #47-Ubuntu SMP Tue Oct 1 22:35:23 UTC 2013

/usr/bin/uname -p = unknown
/bin/uname -X     = unknown

/bin/arch              = unknown
/usr/bin/arch -k       = unknown
/usr/convex/getsysinfo = unknown
/usr/bin/hostinfo      = unknown
/bin/machine           = unknown
/usr/bin/oslevel       = unknown
/bin/universe          = unknown

PATH: /usr/lib/lightdm/lightdm
PATH: /usr/local/sbin
PATH: /usr/local/bin
PATH: /usr/sbin
PATH: /usr/bin
PATH: /sbin
PATH: /bin
PATH: /usr/games
PATH: /usr/local/games
PATH: /usr/lib/jvm/java-7-oracle/bin
PATH: /usr/lib/jvm/java-7-oracle/db/bin
PATH: /usr/lib/jvm/java-7-oracle/jre/bin


## ----------- ##
## Core tests. ##
## ----------- ##

configure:2428: checking for a BSD-compatible install
configure:2496: result: /usr/bin/install -c
configure:2507: checking whether build environment is sane
configure:2557: result: yes
configure:2585: WARNING: `missing' script is too old or missing
configure:2698: checking for a thread-safe mkdir -p
configure:2737: result: /bin/mkdir -p
configure:2750: checking for gawk
configure:2780: result: no
configure:2750: checking for mawk
configure:2766: found /usr/bin/mawk
configure:2777: result: mawk
configure:2788: checking whether make sets $(MAKE)
configure:2810: result: yes
configure:2950: checking for g++
configure:2966: found /usr/bin/g++
configure:2977: result: g++
configure:3004: checking for C++ compiler version
configure:3013: g++ --version >&5
g++ (Ubuntu/Linaro 4.7.3-1ubuntu1) 4.7.3
Copyright (C) 2012 Free Software Foundation, Inc.
This is free software; see the source for copying conditions.  There is NO
warranty; not even for MERCHANTABILITY or FITNESS FOR A PARTICULAR PURPOSE.

configure:3024: $? = 0
configure:3013: g++ -v >&5
Using built-in specs.
COLLECT_GCC=g++
COLLECT_LTO_WRAPPER=/usr/lib/gcc/x86_64-linux-gnu/4.7/lto-wrapper
Target: x86_64-linux-gnu
Configured with: ../src/configure -v --with-pkgversion='Ubuntu/Linaro 4.7.3-1ubuntu1' --with-bugurl=file:///usr/share/doc/gcc-4.7/README.Bugs --enable-languages=c,c++,go,fortran,objc,obj-c++ --prefix=/usr --program-suffix=-4.7 --enable-shared --enable-linker-build-id --libexecdir=/usr/lib --without-included-gettext --enable-threads=posix --with-gxx-include-dir=/usr/include/c++/4.7 --libdir=/usr/lib --enable-nls --with-sysroot=/ --enable-clocale=gnu --enable-libstdcxx-debug --enable-libstdcxx-time=yes --enable-gnu-unique-object --enable-plugin --with-system-zlib --enable-objc-gc --with-cloog --enable-cloog-backend=ppl --disable-cloog-version-check --disable-ppl-version-check --enable-multiarch --disable-werror --with-arch-32=i686 --with-abi=m64 --with-multilib-list=m32,m64,mx32 --with-tune=generic --enable-checking=release --build=x86_64-linux-gnu --host=x86_64-linux-gnu --target=x86_64-linux-gnu
Thread model: posix
gcc version 4.7.3 (Ubuntu/Linaro 4.7.3-1ubuntu1) 
configure:3024: $? = 0
configure:3013: g++ -V >&5
g++: error: unrecognized command line option '-V'
g++: fatal error: no input files
compilation terminated.
configure:3024: $? = 4
configure:3013: g++ -qversion >&5
g++: error: unrecognized command line option '-qversion'
g++: fatal error: no input files
compilation terminated.
configure:3024: $? = 4
configure:3044: checking whether the C++ compiler works
configure:3066: g++    conftest.cpp  >&5
configure:3070: $? = 0
configure:3118: result: yes
configure:3121: checking for C++ compiler default output file name
configure:3123: result: a.out
configure:3129: checking for suffix of executables
configure:3136: g++ -o conftest    conftest.cpp  >&5
configure:3140: $? = 0
configure:3162: result: 
configure:3184: checking whether we are cross compiling
configure:3192: g++ -o conftest    conftest.cpp  >&5
configure:3196: $? = 0
configure:3203: ./conftest
configure:3207: $? = 0
configure:3222: result: no
configure:3227: checking for suffix of object files
configure:3249: g++ -c   conftest.cpp >&5
configure:3253: $? = 0
configure:3274: result: o
configure:3278: checking whether we are using the GNU C++ compiler
configure:3297: g++ -c   conftest.cpp >&5
configure:3297: $? = 0
configure:3306: result: yes
configure:3315: checking whether g++ accepts -g
configure:3335: g++ -c -g  conftest.cpp >&5
configure:3335: $? = 0
configure:3376: result: yes
configure:3410: checking for style of include used by make
configure:3438: result: GNU
configure:3464: checking dependency style of g++
configure:3575: result: gcc3
configure:3638: checking for gcc
configure:3654: found /usr/bin/gcc
configure:3665: result: gcc
configure:3894: checking for C compiler version
configure:3903: gcc --version >&5
gcc (Ubuntu/Linaro 4.7.3-1ubuntu1) 4.7.3
Copyright (C) 2012 Free Software Foundation, Inc.
This is free software; see the source for copying conditions.  There is NO
warranty; not even for MERCHANTABILITY or FITNESS FOR A PARTICULAR PURPOSE.

configure:3914: $? = 0
configure:3903: gcc -v >&5
Using built-in specs.
COLLECT_GCC=gcc
COLLECT_LTO_WRAPPER=/usr/lib/gcc/x86_64-linux-gnu/4.7/lto-wrapper
Target: x86_64-linux-gnu
Configured with: ../src/configure -v --with-pkgversion='Ubuntu/Linaro 4.7.3-1ubuntu1' --with-bugurl=file:///usr/share/doc/gcc-4.7/README.Bugs --enable-languages=c,c++,go,fortran,objc,obj-c++ --prefix=/usr --program-suffix=-4.7 --enable-shared --enable-linker-build-id --libexecdir=/usr/lib --without-included-gettext --enable-threads=posix --with-gxx-include-dir=/usr/include/c++/4.7 --libdir=/usr/lib --enable-nls --with-sysroot=/ --enable-clocale=gnu --enable-libstdcxx-debug --enable-libstdcxx-time=yes --enable-gnu-unique-object --enable-plugin --with-system-zlib --enable-objc-gc --with-cloog --enable-cloog-backend=ppl --disable-cloog-version-check --disable-ppl-version-check --enable-multiarch --disable-werror --with-arch-32=i686 --with-abi=m64 --with-multilib-list=m32,m64,mx32 --with-tune=generic --enable-checking=release --build=x86_64-linux-gnu --host=x86_64-linux-gnu --target=x86_64-linux-gnu
Thread model: posix
gcc version 4.7.3 (Ubuntu/Linaro 4.7.3-1ubuntu1) 
configure:3914: $? = 0
configure:3903: gcc -V >&5
gcc: error: unrecognized command line option '-V'
gcc: fatal error: no input files
compilation terminated.
configure:3914: $? = 4
configure:3903: gcc -qversion >&5
gcc: error: unrecognized command line option '-qversion'
gcc: fatal error: no input files
compilation terminated.
configure:3914: $? = 4
configure:3918: checking whether we are using the GNU C compiler
configure:3937: gcc -c   conftest.c >&5
configure:3937: $? = 0
configure:3946: result: yes
configure:3955: checking whether gcc accepts -g
configure:3975: gcc -c -g  conftest.c >&5
configure:3975: $? = 0
configure:4016: result: yes
configure:4033: checking for gcc option to accept ISO C89
configure:4096: gcc  -c -g -O2  conftest.c >&5
configure:4096: $? = 0
configure:4109: result: none needed
configure:4131: checking dependency style of gcc
configure:4242: result: gcc3
configure:4289: checking build system type
configure:4303: result: x86_64-unknown-linux-gnu
configure:4323: checking host system type
configure:4336: result: x86_64-unknown-linux-gnu
configure:4377: checking how to print strings
configure:4404: result: printf
configure:4425: checking for a sed that does not truncate output
configure:4489: result: /bin/sed
configure:4507: checking for grep that handles long lines and -e
configure:4565: result: /bin/grep
configure:4570: checking for egrep
configure:4632: result: /bin/grep -E
configure:4637: checking for fgrep
configure:4699: result: /bin/grep -F
configure:4734: checking for ld used by gcc
configure:4801: result: /usr/bin/ld
configure:4808: checking if the linker (/usr/bin/ld) is GNU ld
configure:4823: result: yes
configure:4835: checking for BSD- or MS-compatible name lister (nm)
configure:4884: result: /usr/bin/nm -B
configure:5014: checking the name lister (/usr/bin/nm -B) interface
configure:5021: gcc -c -g -O2  conftest.c >&5
configure:5024: /usr/bin/nm -B "conftest.o"
configure:5027: output
0000000000000000 B some_variable
configure:5034: result: BSD nm
configure:5037: checking whether ln -s works
configure:5041: result: yes
configure:5049: checking the maximum length of command line arguments
configure:5180: result: 1572864
configure:5197: checking whether the shell understands some XSI constructs
configure:5207: result: yes
configure:5211: checking whether the shell understands "+="
configure:5217: result: yes
configure:5252: checking how to convert x86_64-unknown-linux-gnu file names to x86_64-unknown-linux-gnu format
configure:5292: result: func_convert_file_noop
configure:5299: checking how to convert x86_64-unknown-linux-gnu file names to toolchain format
configure:5319: result: func_convert_file_noop
configure:5326: checking for /usr/bin/ld option to reload object files
configure:5333: result: -r
configure:5407: checking for objdump
configure:5423: found /usr/bin/objdump
configure:5434: result: objdump
configure:5466: checking how to recognize dependent libraries
configure:5664: result: pass_all
configure:5749: checking for dlltool
configure:5779: result: no
configure:5809: checking how to associate runtime and link libraries
configure:5836: result: printf %s\n
configure:5897: checking for ar
configure:5913: found /usr/bin/ar
configure:5924: result: ar
configure:5961: checking for archiver @FILE support
configure:5978: gcc -c -g -O2  conftest.c >&5
configure:5978: $? = 0
configure:5981: ar cru libconftest.a @conftest.lst >&5
configure:5984: $? = 0
configure:5989: ar cru libconftest.a @conftest.lst >&5
ar: conftest.o: No such file or directory
configure:5992: $? = 1
configure:6004: result: @
configure:6062: checking for strip
configure:6078: found /usr/bin/strip
configure:6089: result: strip
configure:6161: checking for ranlib
configure:6177: found /usr/bin/ranlib
configure:6188: result: ranlib
configure:6290: checking command to parse /usr/bin/nm -B output from gcc object
configure:6410: gcc -c -g -O2  conftest.c >&5
configure:6413: $? = 0
configure:6417: /usr/bin/nm -B conftest.o \| sed -n -e 's/^.*[ ]\([ABCDGIRSTW][ABCDGIRSTW]*\)[ ][ ]*\([_A-Za-z][_A-Za-z0-9]*\)$/\1 \2 \2/p' | sed '/ __gnu_lto/d' \> conftest.nm
configure:6420: $? = 0
configure:6486: gcc -o conftest -g -O2   conftest.c conftstm.o >&5
configure:6489: $? = 0
configure:6527: result: ok
configure:6564: checking for sysroot
configure:6594: result: no
configure:6671: gcc -c -g -O2  conftest.c >&5
configure:6674: $? = 0
configure:6857: checking for mt
configure:6873: found /bin/mt
configure:6884: result: mt
configure:6907: checking if mt is a manifest tool
configure:6913: mt '-?'
configure:6921: result: no
configure:7563: checking how to run the C preprocessor
configure:7594: gcc -E  conftest.c
configure:7594: $? = 0
configure:7608: gcc -E  conftest.c
conftest.c:11:28: fatal error: ac_nonexistent.h: No such file or directory
compilation terminated.
configure:7608: $? = 1
configure: failed program was:
| /* confdefs.h */
| #define PACKAGE_NAME ""
| #define PACKAGE_TARNAME ""
| #define PACKAGE_VERSION ""
| #define PACKAGE_STRING ""
| #define PACKAGE_BUGREPORT ""
| #define PACKAGE_URL ""
| #define PACKAGE "mmseg"
| #define VERSION "0.7"
| /* end confdefs.h.  */
| #include <ac_nonexistent.h>
configure:7633: result: gcc -E
configure:7653: gcc -E  conftest.c
configure:7653: $? = 0
configure:7667: gcc -E  conftest.c
conftest.c:11:28: fatal error: ac_nonexistent.h: No such file or directory
compilation terminated.
configure:7667: $? = 1
configure: failed program was:
| /* confdefs.h */
| #define PACKAGE_NAME ""
| #define PACKAGE_TARNAME ""
| #define PACKAGE_VERSION ""
| #define PACKAGE_STRING ""
| #define PACKAGE_BUGREPORT ""
| #define PACKAGE_URL ""
| #define PACKAGE "mmseg"
| #define VERSION "0.7"
| /* end confdefs.h.  */
| #include <ac_nonexistent.h>
configure:7696: checking for ANSI C header files
configure:7716: gcc -c -g -O2  conftest.c >&5
configure:7716: $? = 0
configure:7789: gcc -o conftest -g -O2   conftest.c  >&5
configure:7789: $? = 0
configure:7789: ./conftest
configure:7789: $? = 0
configure:7800: result: yes
configure:7813: checking for sys/types.h
configure:7813: gcc -c -g -O2  conftest.c >&5
configure:7813: $? = 0
configure:7813: result: yes
configure:7813: checking for sys/stat.h
configure:7813: gcc -c -g -O2  conftest.c >&5
configure:7813: $? = 0
configure:7813: result: yes
configure:7813: checking for stdlib.h
configure:7813: gcc -c -g -O2  conftest.c >&5
configure:7813: $? = 0
configure:7813: result: yes
configure:7813: checking for string.h
configure:7813: gcc -c -g -O2  conftest.c >&5
configure:7813: $? = 0
configure:7813: result: yes
configure:7813: checking for memory.h
configure:7813: gcc -c -g -O2  conftest.c >&5
configure:7813: $? = 0
configure:7813: result: yes
configure:7813: checking for strings.h
configure:7813: gcc -c -g -O2  conftest.c >&5
configure:7813: $? = 0
configure:7813: result: yes
configure:7813: checking for inttypes.h
configure:7813: gcc -c -g -O2  conftest.c >&5
configure:7813: $? = 0
configure:7813: result: yes
configure:7813: checking for stdint.h
configure:7813: gcc -c -g -O2  conftest.c >&5
configure:7813: $? = 0
configure:7813: result: yes
configure:7813: checking for unistd.h
configure:7813: gcc -c -g -O2  conftest.c >&5
configure:7813: $? = 0
configure:7813: result: yes
configure:7827: checking for dlfcn.h
configure:7827: gcc -c -g -O2  conftest.c >&5
configure:7827: $? = 0
configure:7827: result: yes
configure:8044: checking for objdir
configure:8059: result: .libs
configure:8326: checking if gcc supports -fno-rtti -fno-exceptions
configure:8344: gcc -c -g -O2  -fno-rtti -fno-exceptions conftest.c >&5
cc1: warning: command line option '-fno-rtti' is valid for C++/ObjC++ but not for C [enabled by default]
configure:8348: $? = 0
configure:8361: result: no
configure:8688: checking for gcc option to produce PIC
configure:8695: result: -fPIC -DPIC
configure:8703: checking if gcc PIC flag -fPIC -DPIC works
configure:8721: gcc -c -g -O2  -fPIC -DPIC -DPIC conftest.c >&5
configure:8725: $? = 0
configure:8738: result: yes
configure:8767: checking if gcc static flag -static works
configure:8795: result: yes
configure:8810: checking if gcc supports -c -o file.o
configure:8831: gcc -c -g -O2  -o out/conftest2.o conftest.c >&5
configure:8835: $? = 0
configure:8857: result: yes
configure:8865: checking if gcc supports -c -o file.o
configure:8912: result: yes
configure:8945: checking whether the gcc linker (/usr/bin/ld -m elf_x86_64) supports shared libraries
configure:10102: result: yes
configure:10139: checking whether -lc should be explicitly linked in
configure:10147: gcc -c -g -O2  conftest.c >&5
configure:10150: $? = 0
configure:10165: gcc -shared  -fPIC -DPIC conftest.o  -v -Wl,-soname -Wl,conftest -o conftest 2\>\&1 \| /bin/grep  -lc  \>/dev/null 2\>\&1
configure:10168: $? = 0
configure:10182: result: no
configure:10342: checking dynamic linker characteristics
configure:10842: gcc -o conftest -g -O2   -Wl,-rpath -Wl,/foo conftest.c  >&5
configure:10842: $? = 0
configure:11076: result: GNU/Linux ld.so
configure:11183: checking how to hardcode library paths into programs
configure:11208: result: immediate
configure:11748: checking whether stripping libraries is possible
configure:11753: result: yes
configure:11788: checking if libtool supports shared libraries
configure:11790: result: yes
configure:11793: checking whether to build shared libraries
configure:11814: result: yes
configure:11817: checking whether to build static libraries
configure:11821: result: yes
configure:11844: checking how to run the C++ preprocessor
configure:11871: g++ -E  conftest.cpp
configure:11871: $? = 0
configure:11885: g++ -E  conftest.cpp
conftest.cpp:23:28: fatal error: ac_nonexistent.h: No such file or directory
compilation terminated.
configure:11885: $? = 1
configure: failed program was:
| /* confdefs.h */
| #define PACKAGE_NAME ""
| #define PACKAGE_TARNAME ""
| #define PACKAGE_VERSION ""
| #define PACKAGE_STRING ""
| #define PACKAGE_BUGREPORT ""
| #define PACKAGE_URL ""
| #define PACKAGE "mmseg"
| #define VERSION "0.7"
| #define STDC_HEADERS 1
| #define HAVE_SYS_TYPES_H 1
| #define HAVE_SYS_STAT_H 1
| #define HAVE_STDLIB_H 1
| #define HAVE_STRING_H 1
| #define HAVE_MEMORY_H 1
| #define HAVE_STRINGS_H 1
| #define HAVE_INTTYPES_H 1
| #define HAVE_STDINT_H 1
| #define HAVE_UNISTD_H 1
| #define HAVE_DLFCN_H 1
| #define LT_OBJDIR ".libs/"
| /* end confdefs.h.  */
| #include <ac_nonexistent.h>
configure:11910: result: g++ -E
configure:11930: g++ -E  conftest.cpp
configure:11930: $? = 0
configure:11944: g++ -E  conftest.cpp
conftest.cpp:23:28: fatal error: ac_nonexistent.h: No such file or directory
compilation terminated.
configure:11944: $? = 1
configure: failed program was:
| /* confdefs.h */
| #define PACKAGE_NAME ""
| #define PACKAGE_TARNAME ""
| #define PACKAGE_VERSION ""
| #define PACKAGE_STRING ""
| #define PACKAGE_BUGREPORT ""
| #define PACKAGE_URL ""
| #define PACKAGE "mmseg"
| #define VERSION "0.7"
| #define STDC_HEADERS 1
| #define HAVE_SYS_TYPES_H 1
| #define HAVE_SYS_STAT_H 1
| #define HAVE_STDLIB_H 1
| #define HAVE_STRING_H 1
| #define HAVE_MEMORY_H 1
| #define HAVE_STRINGS_H 1
| #define HAVE_INTTYPES_H 1
| #define HAVE_STDINT_H 1
| #define HAVE_UNISTD_H 1
| #define HAVE_DLFCN_H 1
| #define LT_OBJDIR ".libs/"
| /* end confdefs.h.  */
| #include <ac_nonexistent.h>
configure:12113: checking for ld used by g++
configure:12180: result: /usr/bin/ld -m elf_x86_64
configure:12187: checking if the linker (/usr/bin/ld -m elf_x86_64) is GNU ld
configure:12202: result: yes
configure:12257: checking whether the g++ linker (/usr/bin/ld -m elf_x86_64) supports shared libraries
configure:13259: result: yes
configure:13295: g++ -c -g -O2  conftest.cpp >&5
configure:13298: $? = 0
configure:13818: checking for g++ option to produce PIC
configure:13825: result: -fPIC -DPIC
configure:13833: checking if g++ PIC flag -fPIC -DPIC works
configure:13851: g++ -c -g -O2  -fPIC -DPIC -DPIC conftest.cpp >&5
configure:13855: $? = 0
configure:13868: result: yes
configure:13891: checking if g++ static flag -static works
configure:13919: result: yes
configure:13931: checking if g++ supports -c -o file.o
configure:13952: g++ -c -g -O2  -o out/conftest2.o conftest.cpp >&5
configure:13956: $? = 0
configure:13978: result: yes
configure:13983: checking if g++ supports -c -o file.o
configure:14030: result: yes
configure:14060: checking whether the g++ linker (/usr/bin/ld -m elf_x86_64) supports shared libraries
configure:14099: result: yes
configure:14240: checking dynamic linker characteristics
configure:14908: result: GNU/Linux ld.so
configure:14961: checking how to hardcode library paths into programs
configure:14986: result: immediate
configure:15048: checking for ANSI C header files
configure:15152: result: yes
configure:15160: checking for sys/wait.h that is POSIX.1 compatible
configure:15186: gcc -c -g -O2  conftest.c >&5
configure:15186: $? = 0
configure:15193: result: yes
configure:15204: checking for stdlib.h
configure:15204: result: yes
configure:15204: checking for unistd.h
configure:15204: result: yes
configure:15204: checking errno.h usability
configure:15204: gcc -c -g -O2  conftest.c >&5
configure:15204: $? = 0
configure:15204: result: yes
configure:15204: checking errno.h presence
configure:15204: gcc -E  conftest.c
configure:15204: $? = 0
configure:15204: result: yes
configure:15204: checking for errno.h
configure:15204: result: yes
configure:15204: checking assert.h usability
configure:15204: gcc -c -g -O2  conftest.c >&5
configure:15204: $? = 0
configure:15204: result: yes
configure:15204: checking assert.h presence
configure:15204: gcc -E  conftest.c
configure:15204: $? = 0
configure:15204: result: yes
configure:15204: checking for assert.h
configure:15204: result: yes
configure:15217: checking for string.h
configure:15217: result: yes
configure:15267: checking stdarg.h usability
configure:15267: gcc -c -g -O2  conftest.c >&5
configure:15267: $? = 0
configure:15267: result: yes
configure:15267: checking stdarg.h presence
configure:15267: gcc -E  conftest.c
configure:15267: $? = 0
configure:15267: result: yes
configure:15267: checking for stdarg.h
configure:15267: result: yes
configure:15287: checking for an ANSI C-conforming const
configure:15353: gcc -c -g -O2  conftest.c >&5
configure:15353: $? = 0
configure:15360: result: yes
configure:15368: checking for pid_t
configure:15368: gcc -c -g -O2  conftest.c >&5
configure:15368: $? = 0
configure:15368: gcc -c -g -O2  conftest.c >&5
conftest.c: In function 'main':
conftest.c:67:20: error: expected expression before ')' token
configure:15368: $? = 1
configure: failed program was:
| /* confdefs.h */
| #define PACKAGE_NAME ""
| #define PACKAGE_TARNAME ""
| #define PACKAGE_VERSION ""
| #define PACKAGE_STRING ""
| #define PACKAGE_BUGREPORT ""
| #define PACKAGE_URL ""
| #define PACKAGE "mmseg"
| #define VERSION "0.7"
| #define STDC_HEADERS 1
| #define HAVE_SYS_TYPES_H 1
| #define HAVE_SYS_STAT_H 1
| #define HAVE_STDLIB_H 1
| #define HAVE_STRING_H 1
| #define HAVE_MEMORY_H 1
| #define HAVE_STRINGS_H 1
| #define HAVE_INTTYPES_H 1
| #define HAVE_STDINT_H 1
| #define HAVE_UNISTD_H 1
| #define HAVE_DLFCN_H 1
| #define LT_OBJDIR ".libs/"
| #define STDC_HEADERS 1
| #define HAVE_SYS_WAIT_H 1
| #define HAVE_STDLIB_H 1
| #define HAVE_UNISTD_H 1
| #define HAVE_ERRNO_H 1
| #define HAVE_ASSERT_H 1
| #define HAVE_STRING_H 1
| #define HAVE_STDARG_H 1
| /* end confdefs.h.  */
| #include <stdio.h>
| #ifdef HAVE_SYS_TYPES_H
| # include <sys/types.h>
| #endif
| #ifdef HAVE_SYS_STAT_H
| # include <sys/stat.h>
| #endif
| #ifdef STDC_HEADERS
| # include <stdlib.h>
| # include <stddef.h>
| #else
| # ifdef HAVE_STDLIB_H
| #  include <stdlib.h>
| # endif
| #endif
| #ifdef HAVE_STRING_H
| # if !defined STDC_HEADERS && defined HAVE_MEMORY_H
| #  include <memory.h>
| # endif
| # include <string.h>
| #endif
| #ifdef HAVE_STRINGS_H
| # include <strings.h>
| #endif
| #ifdef HAVE_INTTYPES_H
| # include <inttypes.h>
| #endif
| #ifdef HAVE_STDINT_H
| # include <stdint.h>
| #endif
| #ifdef HAVE_UNISTD_H
| # include <unistd.h>
| #endif
| int
| main ()
| {
| if (sizeof ((pid_t)))
| 	    return 0;
|   ;
|   return 0;
| }
configure:15368: result: yes
configure:15379: checking for size_t
configure:15379: gcc -c -g -O2  conftest.c >&5
configure:15379: $? = 0
configure:15379: gcc -c -g -O2  conftest.c >&5
conftest.c: In function 'main':
conftest.c:67:21: error: expected expression before ')' token
configure:15379: $? = 1
configure: failed program was:
| /* confdefs.h */
| #define PACKAGE_NAME ""
| #define PACKAGE_TARNAME ""
| #define PACKAGE_VERSION ""
| #define PACKAGE_STRING ""
| #define PACKAGE_BUGREPORT ""
| #define PACKAGE_URL ""
| #define PACKAGE "mmseg"
| #define VERSION "0.7"
| #define STDC_HEADERS 1
| #define HAVE_SYS_TYPES_H 1
| #define HAVE_SYS_STAT_H 1
| #define HAVE_STDLIB_H 1
| #define HAVE_STRING_H 1
| #define HAVE_MEMORY_H 1
| #define HAVE_STRINGS_H 1
| #define HAVE_INTTYPES_H 1
| #define HAVE_STDINT_H 1
| #define HAVE_UNISTD_H 1
| #define HAVE_DLFCN_H 1
| #define LT_OBJDIR ".libs/"
| #define STDC_HEADERS 1
| #define HAVE_SYS_WAIT_H 1
| #define HAVE_STDLIB_H 1
| #define HAVE_UNISTD_H 1
| #define HAVE_ERRNO_H 1
| #define HAVE_ASSERT_H 1
| #define HAVE_STRING_H 1
| #define HAVE_STDARG_H 1
| /* end confdefs.h.  */
| #include <stdio.h>
| #ifdef HAVE_SYS_TYPES_H
| # include <sys/types.h>
| #endif
| #ifdef HAVE_SYS_STAT_H
| # include <sys/stat.h>
| #endif
| #ifdef STDC_HEADERS
| # include <stdlib.h>
| # include <stddef.h>
| #else
| # ifdef HAVE_STDLIB_H
| #  include <stdlib.h>
| # endif
| #endif
| #ifdef HAVE_STRING_H
| # if !defined STDC_HEADERS && defined HAVE_MEMORY_H
| #  include <memory.h>
| # endif
| # include <string.h>
| #endif
| #ifdef HAVE_STRINGS_H
| # include <strings.h>
| #endif
| #ifdef HAVE_INTTYPES_H
| # include <inttypes.h>
| #endif
| #ifdef HAVE_STDINT_H
| # include <stdint.h>
| #endif
| #ifdef HAVE_UNISTD_H
| # include <unistd.h>
| #endif
| int
| main ()
| {
| if (sizeof ((size_t)))
| 	    return 0;
|   ;
|   return 0;
| }
configure:15379: result: yes
configure:15458: checking for sys_errlist
configure:15474: gcc -o conftest -g -O2   conftest.c  >&5
configure:15474: $? = 0
configure:15482: result: yes
configure:15489: checking for sys_siglist
configure:15505: gcc -o conftest -g -O2   conftest.c  >&5
configure:15505: $? = 0
configure:15513: result: yes
configure:15524: checking for bzero
configure:15524: gcc -o conftest -g -O2   conftest.c  >&5
conftest.c:56:6: warning: conflicting types for built-in function 'bzero' [enabled by default]
configure:15524: $? = 0
configure:15524: result: yes
configure:15536: checking for calloc
configure:15536: gcc -o conftest -g -O2   conftest.c  >&5
conftest.c:57:6: warning: conflicting types for built-in function 'calloc' [enabled by default]
configure:15536: $? = 0
configure:15536: result: yes
configure:15536: checking for strchr
configure:15536: gcc -o conftest -g -O2   conftest.c  >&5
conftest.c:58:6: warning: conflicting types for built-in function 'strchr' [enabled by default]
configure:15536: $? = 0
configure:15536: result: yes
configure:15536: checking for strrchr
configure:15536: gcc -o conftest -g -O2   conftest.c  >&5
conftest.c:59:6: warning: conflicting types for built-in function 'strrchr' [enabled by default]
configure:15536: $? = 0
configure:15536: result: yes
configure:15545: checking for basename
configure:15545: gcc -o conftest -g -O2   conftest.c  >&5
configure:15545: $? = 0
configure:15545: result: yes
configure:15558: checking for strspn
configure:15558: gcc -o conftest -g -O2   conftest.c  >&5
conftest.c:61:6: warning: conflicting types for built-in function 'strspn' [enabled by default]
configure:15558: $? = 0
configure:15558: result: yes
configure:15571: checking for strcspn
configure:15571: gcc -o conftest -g -O2   conftest.c  >&5
conftest.c:62:6: warning: conflicting types for built-in function 'strcspn' [enabled by default]
configure:15571: $? = 0
configure:15571: result: yes
configure:15584: checking for strerror
configure:15584: gcc -o conftest -g -O2   conftest.c  >&5
configure:15584: $? = 0
configure:15584: result: yes
configure:15597: checking for strsignal
configure:15597: gcc -o conftest -g -O2   conftest.c  >&5
configure:15597: $? = 0
configure:15597: result: yes
configure:15610: checking for vfprintf
configure:15610: gcc -o conftest -g -O2   conftest.c  >&5
conftest.c:65:6: warning: conflicting types for built-in function 'vfprintf' [enabled by default]
configure:15610: $? = 0
configure:15610: result: yes
configure:15623: checking for waitpid
configure:15623: gcc -o conftest -g -O2   conftest.c  >&5
configure:15623: $? = 0
configure:15623: result: yes
configure:15803: creating ./config.status

## ---------------------- ##
## Running config.status. ##
## ---------------------- ##

This file was extended by config.status, which was
generated by GNU Autoconf 2.69.  Invocation command line was

  CONFIG_FILES    = 
  CONFIG_HEADERS  = 
  CONFIG_LINKS    = 
  CONFIG_COMMANDS = 
  $ ./config.status 

on whatever

config.status:1191: creating Makefile
config.status:1191: creating src/Makefile
config.status:1191: creating config.h
config.status:1372: config.h is unchanged
config.status:1420: executing depfiles commands
config.status:1420: executing libtool commands
config.status:1420: executing default-1 commands
config.status:1420: executing default commands

## ---------------- ##
## Cache variables. ##
## ---------------- ##

ac_cv_build=x86_64-unknown-linux-gnu
ac_cv_c_compiler_gnu=yes
ac_cv_c_const=yes
ac_cv_cxx_compiler_gnu=yes
ac_cv_env_CCC_set=
ac_cv_env_CCC_value=
ac_cv_env_CC_set=
ac_cv_env_CC_value=
ac_cv_env_CFLAGS_set=
ac_cv_env_CFLAGS_value=
ac_cv_env_CPPFLAGS_set=
ac_cv_env_CPPFLAGS_value=
ac_cv_env_CPP_set=
ac_cv_env_CPP_value=
ac_cv_env_CXXCPP_set=
ac_cv_env_CXXCPP_value=
ac_cv_env_CXXFLAGS_set=
ac_cv_env_CXXFLAGS_value=
ac_cv_env_CXX_set=
ac_cv_env_CXX_value=
ac_cv_env_LDFLAGS_set=
ac_cv_env_LDFLAGS_value=
ac_cv_env_LIBS_set=
ac_cv_env_LIBS_value=
ac_cv_env_build_alias_set=
ac_cv_env_build_alias_value=
ac_cv_env_host_alias_set=
ac_cv_env_host_alias_value=
ac_cv_env_target_alias_set=
ac_cv_env_target_alias_value=
ac_cv_func_basename=yes
ac_cv_func_bzero=yes
ac_cv_func_calloc=yes
ac_cv_func_strchr=yes
ac_cv_func_strcspn=yes
ac_cv_func_strerror=yes
ac_cv_func_strrchr=yes
ac_cv_func_strsignal=yes
ac_cv_func_strspn=yes
ac_cv_func_vfprintf=yes
ac_cv_func_waitpid=yes
ac_cv_header_assert_h=yes
ac_cv_header_dlfcn_h=yes
ac_cv_header_errno_h=yes
ac_cv_header_inttypes_h=yes
ac_cv_header_memory_h=yes
ac_cv_header_stdarg_h=yes
ac_cv_header_stdc=yes
ac_cv_header_stdint_h=yes
ac_cv_header_stdlib_h=yes
ac_cv_header_string_h=yes
ac_cv_header_strings_h=yes
ac_cv_header_sys_stat_h=yes
ac_cv_header_sys_types_h=yes
ac_cv_header_sys_wait_h=yes
ac_cv_header_unistd_h=yes
ac_cv_host=x86_64-unknown-linux-gnu
ac_cv_objext=o
ac_cv_path_EGREP='/bin/grep -E'
ac_cv_path_FGREP='/bin/grep -F'
ac_cv_path_GREP=/bin/grep
ac_cv_path_SED=/bin/sed
ac_cv_path_install='/usr/bin/install -c'
ac_cv_path_mkdir=/bin/mkdir
ac_cv_prog_AWK=mawk
ac_cv_prog_CPP='gcc -E'
ac_cv_prog_CXXCPP='g++ -E'
ac_cv_prog_ac_ct_AR=ar
ac_cv_prog_ac_ct_CC=gcc
ac_cv_prog_ac_ct_CXX=g++
ac_cv_prog_ac_ct_MANIFEST_TOOL=mt
ac_cv_prog_ac_ct_OBJDUMP=objdump
ac_cv_prog_ac_ct_RANLIB=ranlib
ac_cv_prog_ac_ct_STRIP=strip
ac_cv_prog_cc_c89=
ac_cv_prog_cc_g=yes
ac_cv_prog_cxx_g=yes
ac_cv_prog_make_make_set=yes
ac_cv_type_pid_t=yes
ac_cv_type_size_t=yes
am_cv_CC_dependencies_compiler_type=gcc3
am_cv_CXX_dependencies_compiler_type=gcc3
am_cv_prog_cc_stdc=
lt_cv_ar_at_file=@
lt_cv_archive_cmds_need_lc=no
lt_cv_deplibs_check_method=pass_all
lt_cv_file_magic_cmd='$MAGIC_CMD'
lt_cv_file_magic_test_file=
lt_cv_ld_reload_flag=-r
lt_cv_nm_interface='BSD nm'
lt_cv_objdir=.libs
lt_cv_path_LD=/usr/bin/ld
lt_cv_path_LDCXX='/usr/bin/ld -m elf_x86_64'
lt_cv_path_NM='/usr/bin/nm -B'
lt_cv_path_mainfest_tool=no
lt_cv_prog_compiler_c_o=yes
lt_cv_prog_compiler_c_o_CXX=yes
lt_cv_prog_compiler_pic='-fPIC -DPIC'
lt_cv_prog_compiler_pic_CXX='-fPIC -DPIC'
lt_cv_prog_compiler_pic_works=yes
lt_cv_prog_compiler_pic_works_CXX=yes
lt_cv_prog_compiler_rtti_exceptions=no
lt_cv_prog_compiler_static_works=yes
lt_cv_prog_compiler_static_works_CXX=yes
lt_cv_prog_gnu_ld=yes
lt_cv_prog_gnu_ldcxx=yes
lt_cv_sharedlib_from_linklib_cmd='printf %s\n'
lt_cv_shlibpath_overrides_runpath=no
lt_cv_sys_global_symbol_pipe='sed -n -e '\''s/^.*[	 ]\([ABCDGIRSTW][ABCDGIRSTW]*\)[	 ][	 ]*\([_A-Za-z][_A-Za-z0-9]*\)$/\1 \2 \2/p'\'' | sed '\''/ __gnu_lto/d'\'''
lt_cv_sys_global_symbol_to_c_name_address='sed -n -e '\''s/^: \([^ ]*\)[ ]*$/  {\"\1\", (void *) 0},/p'\'' -e '\''s/^[ABCDGIRSTW]* \([^ ]*\) \([^ ]*\)$/  {"\2", (void *) \&\2},/p'\'''
lt_cv_sys_global_symbol_to_c_name_address_lib_prefix='sed -n -e '\''s/^: \([^ ]*\)[ ]*$/  {\"\1\", (void *) 0},/p'\'' -e '\''s/^[ABCDGIRSTW]* \([^ ]*\) \(lib[^ ]*\)$/  {"\2", (void *) \&\2},/p'\'' -e '\''s/^[ABCDGIRSTW]* \([^ ]*\) \([^ ]*\)$/  {"lib\2", (void *) \&\2},/p'\'''
lt_cv_sys_global_symbol_to_cdecl='sed -n -e '\''s/^T .* \(.*\)$/extern int \1();/p'\'' -e '\''s/^[ABCDGIRSTW]* .* \(.*\)$/extern char \1;/p'\'''
lt_cv_sys_max_cmd_len=1572864
lt_cv_to_host_file_cmd=func_convert_file_noop
lt_cv_to_tool_file_cmd=func_convert_file_noop
sic_cv_var_sys_errlist=yes
sic_cv_var_sys_siglist=yes

## ----------------- ##
## Output variables. ##
## ----------------- ##

ACLOCAL='aclocal-1.11'
AMDEPBACKSLASH='\'
AMDEP_FALSE='#'
AMDEP_TRUE=''
AMTAR='$${TAR-tar}'
AR='ar'
AUTOCONF='autoconf'
AUTOHEADER='autoheader'
AUTOMAKE='automake-1.11'
AWK='mawk'
CC='gcc'
CCDEPMODE='depmode=gcc3'
CFLAGS='-g -O2'
CPP='gcc -E'
CPPFLAGS=''
CXX='g++'
CXXCPP='g++ -E'
CXXDEPMODE='depmode=gcc3'
CXXFLAGS='-g -O2'
CYGPATH_W='echo'
DEFS='-DHAVE_CONFIG_H'
DEPDIR='.deps'
DLLTOOL='false'
DSYMUTIL=''
DUMPBIN=''
ECHO_C=''
ECHO_N='-n'
ECHO_T=''
EGREP='/bin/grep -E'
EXEEXT=''
FGREP='/bin/grep -F'
GREP='/bin/grep'
INSTALL_DATA='${INSTALL} -m 644'
INSTALL_PROGRAM='${INSTALL}'
INSTALL_SCRIPT='${INSTALL}'
INSTALL_STRIP_PROGRAM='$(install_sh) -c -s'
LD='/usr/bin/ld -m elf_x86_64'
LDFLAGS=''
LIBOBJS=' ${LIBOBJDIR}$U.o'
LIBS=''
LIBTOOL='$(SHELL) $(top_builddir)/libtool'
LIPO=''
LN_S='ln -s'
LTLIBOBJS=' ${LIBOBJDIR}$U.lo'
MAKEINFO='makeinfo'
MANIFEST_TOOL=':'
MKDIR_P='/bin/mkdir -p'
NM='/usr/bin/nm -B'
NMEDIT=''
OBJDUMP='objdump'
OBJEXT='o'
OTOOL64=''
OTOOL=''
PACKAGE='mmseg'
PACKAGE_BUGREPORT=''
PACKAGE_NAME=''
PACKAGE_STRING=''
PACKAGE_TARNAME=''
PACKAGE_URL=''
PACKAGE_VERSION=''
PATH_SEPARATOR=':'
RANLIB='ranlib'
SED='/bin/sed'
SET_MAKE=''
SHELL='/bin/bash'
STRIP='strip'
VERSION='0.7'
WITH_READLINE_FALSE=''
WITH_READLINE_TRUE='#'
ac_aux_dir='config'
ac_ct_AR='ar'
ac_ct_CC='gcc'
ac_ct_CXX='g++'
ac_ct_DUMPBIN=''
am__EXEEXT_FALSE=''
am__EXEEXT_TRUE='#'
am__fastdepCC_FALSE='#'
am__fastdepCC_TRUE=''
am__fastdepCXX_FALSE='#'
am__fastdepCXX_TRUE=''
am__include='include'
am__isrc=''
am__leading_dot='.'
am__nodep='_no'
am__quote=''
am__tar='$${TAR-tar} chof - "$$tardir"'
am__untar='$${TAR-tar} xf -'
bindir='${exec_prefix}/bin'
build='x86_64-unknown-linux-gnu'
build_alias=''
build_cpu='x86_64'
build_os='linux-gnu'
build_vendor='unknown'
datadir='${datarootdir}'
datarootdir='${prefix}/share'
docdir='${datarootdir}/doc/${PACKAGE}'
dvidir='${docdir}'
exec_prefix='${prefix}'
host='x86_64-unknown-linux-gnu'
host_alias=''
host_cpu='x86_64'
host_os='linux-gnu'
host_vendor='unknown'
htmldir='${docdir}'
includedir='${prefix}/include'
infodir='${datarootdir}/info'
install_sh='${SHELL} /var/www/PHPLibrary/CoreSeek4/mmseg-3.2.14/config/install-sh'
libdir='${exec_prefix}/lib'
libexecdir='${exec_prefix}/libexec'
localedir='${datarootdir}/locale'
localstatedir='${prefix}/var'
mandir='${datarootdir}/man'
mkdir_p='/bin/mkdir -p'
oldincludedir='/usr/include'
pdfdir='${docdir}'
prefix='/usr/local/mmseg3'
program_transform_name='s,x,x,'
psdir='${docdir}'
sbindir='${exec_prefix}/sbin'
sharedstatedir='${prefix}/com'
sysconfdir='${prefix}/etc'
target_alias=''

## ----------- ##
## confdefs.h. ##
## ----------- ##

/* confdefs.h */
#define PACKAGE_NAME ""
#define PACKAGE_TARNAME ""
#define PACKAGE_VERSION ""
#define PACKAGE_STRING ""
#define PACKAGE_BUGREPORT ""
#define PACKAGE_URL ""
#define PACKAGE "mmseg"
#define VERSION "0.7"
#define STDC_HEADERS 1
#define HAVE_SYS_TYPES_H 1
#define HAVE_SYS_STAT_H 1
#define HAVE_STDLIB_H 1
#define HAVE_STRING_H 1
#define HAVE_MEMORY_H 1
#define HAVE_STRINGS_H 1
#define HAVE_INTTYPES_H 1
#define HAVE_STDINT_H 1
#define HAVE_UNISTD_H 1
#define HAVE_DLFCN_H 1
#define LT_OBJDIR ".libs/"
#define STDC_HEADERS 1
#define HAVE_SYS_WAIT_H 1
#define HAVE_STDLIB_H 1
#define HAVE_UNISTD_H 1
#define HAVE_ERRNO_H 1
#define HAVE_ASSERT_H 1
#define HAVE_STRING_H 1
#define HAVE_STDARG_H 1
#define HAVE_SYS_ERRLIST 1
#define HAVE_SYS_SIGLIST 1
#define HAVE_BZERO 1
#define HAVE_CALLOC 1
#define HAVE_STRCHR 1
#define HAVE_STRRCHR 1
#define HAVE_BASENAME 1
#define HAVE_STRSPN 1
#define HAVE_STRCSPN 1
#define HAVE_STRERROR 1
#define HAVE_STRSIGNAL 1
#define HAVE_VFPRINTF 1
#define HAVE_WAITPID 1

configure: exit 0
