This file contains any messages produced by compilers while
running configure, to aid debugging if configure makes a mistake.

It was created by sphinx configure 1.11, which was
generated by GNU Autoconf 2.69.  Invocation command line was

  $ ./configure --prefix=/usr/local/coreseek --without-unixodbc --with-mmseg --with-mmseg-includes=/usr/local/mmseg3/include/mmseg/ --with-mmseg-libs=/usr/local/mmseg3/lib/ --with-mysql

## --------- ##
## Platform. ##
## --------- ##

hostname = whatever
uname -m = x86_64
uname -r = 3.8.0-32-generic
uname -s = Linux
uname -v = #47-Ubuntu SMP Tue Oct 1 22:35:23 UTC 2013

/usr/bin/uname -p = unknown
/bin/uname -X     = unknown

/bin/arch              = unknown
/usr/bin/arch -k       = unknown
/usr/convex/getsysinfo = unknown
/usr/bin/hostinfo      = unknown
/bin/machine           = unknown
/usr/bin/oslevel       = unknown
/bin/universe          = unknown

PATH: /usr/lib/lightdm/lightdm
PATH: /usr/local/sbin
PATH: /usr/local/bin
PATH: /usr/sbin
PATH: /usr/bin
PATH: /sbin
PATH: /bin
PATH: /usr/games
PATH: /usr/local/games
PATH: /usr/lib/jvm/java-7-oracle/bin
PATH: /usr/lib/jvm/java-7-oracle/db/bin
PATH: /usr/lib/jvm/java-7-oracle/jre/bin


## ----------- ##
## Core tests. ##
## ----------- ##

configure:2372: result: 
configure:2374: result: checking build environment
configure:2377: result: --------------------------
configure:2379: result: 
configure:2428: checking for a BSD-compatible install
configure:2496: result: /usr/bin/install -c
configure:2507: checking whether build environment is sane
configure:2557: result: yes
configure:2698: checking for a thread-safe mkdir -p
configure:2737: result: /bin/mkdir -p
configure:2750: checking for gawk
configure:2780: result: no
configure:2750: checking for mawk
configure:2766: found /usr/bin/mawk
configure:2777: result: mawk
configure:2788: checking whether make sets $(MAKE)
configure:2810: result: yes
configure:2891: checking whether to enable maintainer-specific portions of Makefiles
configure:2900: result: no
configure:2925: checking for python
configure:2943: found /usr/bin/python
configure:2955: result: /usr/bin/python
configure:2976: checking for python version
configure:2983: result: 2.7
configure:2995: checking for python platform
configure:3002: result: linux2
configure:3009: checking for python script directory
configure:3037: result: ${prefix}/lib/python2.7/site-packages
configure:3046: checking for python extension module directory
configure:3074: result: ${exec_prefix}/lib/python2.7/site-packages
configure:3097: result: 
configure:3099: result: checking for compiler programs
configure:3102: result: ------------------------------
configure:3104: result: 
configure:3118: checking whether to compile debug version
configure:3128: result: no
configure:3192: checking for gcc
configure:3208: found /usr/bin/gcc
configure:3219: result: gcc
configure:3448: checking for C compiler version
configure:3457: gcc --version >&5
gcc (Ubuntu/Linaro 4.7.3-1ubuntu1) 4.7.3
Copyright (C) 2012 Free Software Foundation, Inc.
This is free software; see the source for copying conditions.  There is NO
warranty; not even for MERCHANTABILITY or FITNESS FOR A PARTICULAR PURPOSE.

configure:3468: $? = 0
configure:3457: gcc -v >&5
Using built-in specs.
COLLECT_GCC=gcc
COLLECT_LTO_WRAPPER=/usr/lib/gcc/x86_64-linux-gnu/4.7/lto-wrapper
Target: x86_64-linux-gnu
Configured with: ../src/configure -v --with-pkgversion='Ubuntu/Linaro 4.7.3-1ubuntu1' --with-bugurl=file:///usr/share/doc/gcc-4.7/README.Bugs --enable-languages=c,c++,go,fortran,objc,obj-c++ --prefix=/usr --program-suffix=-4.7 --enable-shared --enable-linker-build-id --libexecdir=/usr/lib --without-included-gettext --enable-threads=posix --with-gxx-include-dir=/usr/include/c++/4.7 --libdir=/usr/lib --enable-nls --with-sysroot=/ --enable-clocale=gnu --enable-libstdcxx-debug --enable-libstdcxx-time=yes --enable-gnu-unique-object --enable-plugin --with-system-zlib --enable-objc-gc --with-cloog --enable-cloog-backend=ppl --disable-cloog-version-check --disable-ppl-version-check --enable-multiarch --disable-werror --with-arch-32=i686 --with-abi=m64 --with-multilib-list=m32,m64,mx32 --with-tune=generic --enable-checking=release --build=x86_64-linux-gnu --host=x86_64-linux-gnu --target=x86_64-linux-gnu
Thread model: posix
gcc version 4.7.3 (Ubuntu/Linaro 4.7.3-1ubuntu1) 
configure:3468: $? = 0
configure:3457: gcc -V >&5
gcc: error: unrecognized command line option '-V'
gcc: fatal error: no input files
compilation terminated.
configure:3468: $? = 4
configure:3457: gcc -qversion >&5
gcc: error: unrecognized command line option '-qversion'
gcc: fatal error: no input files
compilation terminated.
configure:3468: $? = 4
configure:3488: checking whether the C compiler works
configure:3510: gcc -Wall -g -D_FILE_OFFSET_BITS=64 -O3 -DNDEBUG  -I/usr/local/include  conftest.c  -L/usr/local/lib >&5
configure:3514: $? = 0
configure:3562: result: yes
configure:3565: checking for C compiler default output file name
configure:3567: result: a.out
configure:3573: checking for suffix of executables
configure:3580: gcc -o conftest -Wall -g -D_FILE_OFFSET_BITS=64 -O3 -DNDEBUG  -I/usr/local/include  conftest.c  -L/usr/local/lib >&5
configure:3584: $? = 0
configure:3606: result: 
configure:3628: checking whether we are cross compiling
configure:3636: gcc -o conftest -Wall -g -D_FILE_OFFSET_BITS=64 -O3 -DNDEBUG  -I/usr/local/include  conftest.c  -L/usr/local/lib >&5
configure:3640: $? = 0
configure:3647: ./conftest
configure:3651: $? = 0
configure:3666: result: no
configure:3671: checking for suffix of object files
configure:3693: gcc -c -Wall -g -D_FILE_OFFSET_BITS=64 -O3 -DNDEBUG  -I/usr/local/include conftest.c >&5
configure:3697: $? = 0
configure:3718: result: o
configure:3722: checking whether we are using the GNU C compiler
configure:3741: gcc -c -Wall -g -D_FILE_OFFSET_BITS=64 -O3 -DNDEBUG  -I/usr/local/include conftest.c >&5
configure:3741: $? = 0
configure:3750: result: yes
configure:3759: checking whether gcc accepts -g
configure:3779: gcc -c -g  -I/usr/local/include conftest.c >&5
configure:3779: $? = 0
configure:3820: result: yes
configure:3837: checking for gcc option to accept ISO C89
configure:3900: gcc  -c -Wall -g -D_FILE_OFFSET_BITS=64 -O3 -DNDEBUG  -I/usr/local/include conftest.c >&5
configure:3900: $? = 0
configure:3913: result: none needed
configure:3944: checking for style of include used by make
configure:3972: result: GNU
configure:3998: checking dependency style of gcc
configure:4109: result: gcc3
configure:4182: checking for g++
configure:4198: found /usr/bin/g++
configure:4209: result: g++
configure:4236: checking for C++ compiler version
configure:4245: g++ --version >&5
g++ (Ubuntu/Linaro 4.7.3-1ubuntu1) 4.7.3
Copyright (C) 2012 Free Software Foundation, Inc.
This is free software; see the source for copying conditions.  There is NO
warranty; not even for MERCHANTABILITY or FITNESS FOR A PARTICULAR PURPOSE.

configure:4256: $? = 0
configure:4245: g++ -v >&5
Using built-in specs.
COLLECT_GCC=g++
COLLECT_LTO_WRAPPER=/usr/lib/gcc/x86_64-linux-gnu/4.7/lto-wrapper
Target: x86_64-linux-gnu
Configured with: ../src/configure -v --with-pkgversion='Ubuntu/Linaro 4.7.3-1ubuntu1' --with-bugurl=file:///usr/share/doc/gcc-4.7/README.Bugs --enable-languages=c,c++,go,fortran,objc,obj-c++ --prefix=/usr --program-suffix=-4.7 --enable-shared --enable-linker-build-id --libexecdir=/usr/lib --without-included-gettext --enable-threads=posix --with-gxx-include-dir=/usr/include/c++/4.7 --libdir=/usr/lib --enable-nls --with-sysroot=/ --enable-clocale=gnu --enable-libstdcxx-debug --enable-libstdcxx-time=yes --enable-gnu-unique-object --enable-plugin --with-system-zlib --enable-objc-gc --with-cloog --enable-cloog-backend=ppl --disable-cloog-version-check --disable-ppl-version-check --enable-multiarch --disable-werror --with-arch-32=i686 --with-abi=m64 --with-multilib-list=m32,m64,mx32 --with-tune=generic --enable-checking=release --build=x86_64-linux-gnu --host=x86_64-linux-gnu --target=x86_64-linux-gnu
Thread model: posix
gcc version 4.7.3 (Ubuntu/Linaro 4.7.3-1ubuntu1) 
configure:4256: $? = 0
configure:4245: g++ -V >&5
g++: error: unrecognized command line option '-V'
g++: fatal error: no input files
compilation terminated.
configure:4256: $? = 4
configure:4245: g++ -qversion >&5
g++: error: unrecognized command line option '-qversion'
g++: fatal error: no input files
compilation terminated.
configure:4256: $? = 4
configure:4260: checking whether we are using the GNU C++ compiler
configure:4279: g++ -c -Wall -g -D_FILE_OFFSET_BITS=64 -O3 -DNDEBUG  -I/usr/local/include conftest.cpp >&5
configure:4279: $? = 0
configure:4288: result: yes
configure:4297: checking whether g++ accepts -g
configure:4317: g++ -c -g  -I/usr/local/include conftest.cpp >&5
configure:4317: $? = 0
configure:4358: result: yes
configure:4383: checking dependency style of g++
configure:4494: result: gcc3
configure:4552: checking for ranlib
configure:4568: found /usr/bin/ranlib
configure:4579: result: ranlib
configure:4701: gcc -c -Wall -g -D_FILE_OFFSET_BITS=64 -O3 -DNDEBUG  -I/usr/local/include conftest.c >&5
conftest.c:14:6: warning: return type of 'main' is not 'int' [-Wmain]
configure:4701: $? = 0
configure:4721: result: 
configure:4723: result: checking for header files
configure:4726: result: -------------------------
configure:4728: result: 
configure:4738: checking how to run the C preprocessor
configure:4769: gcc -E  -I/usr/local/include conftest.c
configure:4769: $? = 0
configure:4783: gcc -E  -I/usr/local/include conftest.c
conftest.c:13:28: fatal error: ac_nonexistent.h: No such file or directory
compilation terminated.
configure:4783: $? = 1
configure: failed program was:
| /* confdefs.h */
| #define PACKAGE_NAME "sphinx"
| #define PACKAGE_TARNAME "sphinx"
| #define PACKAGE_VERSION "1.11"
| #define PACKAGE_STRING "sphinx 1.11"
| #define PACKAGE_BUGREPORT "shodan(at)shodan.ru"
| #define PACKAGE_URL ""
| #define PACKAGE "sphinx"
| #define VERSION "1.11"
| #define COMPILER "gcc 4.7"
| #define OS_UNAME "Linux whatever 3.8.0-32-generic #47-Ubuntu SMP Tue Oct 1 22:35:23 UTC 2013 x86_64 x86_64 x86_64 GNU/Linux"
| /* end confdefs.h.  */
| #include <ac_nonexistent.h>
configure:4808: result: gcc -E
configure:4828: gcc -E  -I/usr/local/include conftest.c
configure:4828: $? = 0
configure:4842: gcc -E  -I/usr/local/include conftest.c
conftest.c:13:28: fatal error: ac_nonexistent.h: No such file or directory
compilation terminated.
configure:4842: $? = 1
configure: failed program was:
| /* confdefs.h */
| #define PACKAGE_NAME "sphinx"
| #define PACKAGE_TARNAME "sphinx"
| #define PACKAGE_VERSION "1.11"
| #define PACKAGE_STRING "sphinx 1.11"
| #define PACKAGE_BUGREPORT "shodan(at)shodan.ru"
| #define PACKAGE_URL ""
| #define PACKAGE "sphinx"
| #define VERSION "1.11"
| #define COMPILER "gcc 4.7"
| #define OS_UNAME "Linux whatever 3.8.0-32-generic #47-Ubuntu SMP Tue Oct 1 22:35:23 UTC 2013 x86_64 x86_64 x86_64 GNU/Linux"
| /* end confdefs.h.  */
| #include <ac_nonexistent.h>
configure:4871: checking for grep that handles long lines and -e
configure:4929: result: /bin/grep
configure:4934: checking for egrep
configure:4996: result: /bin/grep -E
configure:5001: checking for ANSI C header files
configure:5021: gcc -c -Wall -g -D_FILE_OFFSET_BITS=64 -O3 -DNDEBUG  -I/usr/local/include conftest.c >&5
configure:5021: $? = 0
configure:5094: gcc -o conftest -Wall -g -D_FILE_OFFSET_BITS=64 -O3 -DNDEBUG  -I/usr/local/include  conftest.c  -L/usr/local/lib >&5
configure:5094: $? = 0
configure:5094: ./conftest
configure:5094: $? = 0
configure:5105: result: yes
configure:5113: checking for sys/wait.h that is POSIX.1 compatible
configure:5139: gcc -c -Wall -g -D_FILE_OFFSET_BITS=64 -O3 -DNDEBUG  -I/usr/local/include conftest.c >&5
configure:5139: $? = 0
configure:5146: result: yes
configure:5159: checking for sys/types.h
configure:5159: gcc -c -Wall -g -D_FILE_OFFSET_BITS=64 -O3 -DNDEBUG  -I/usr/local/include conftest.c >&5
configure:5159: $? = 0
configure:5159: result: yes
configure:5159: checking for sys/stat.h
configure:5159: gcc -c -Wall -g -D_FILE_OFFSET_BITS=64 -O3 -DNDEBUG  -I/usr/local/include conftest.c >&5
configure:5159: $? = 0
configure:5159: result: yes
configure:5159: checking for stdlib.h
configure:5159: gcc -c -Wall -g -D_FILE_OFFSET_BITS=64 -O3 -DNDEBUG  -I/usr/local/include conftest.c >&5
configure:5159: $? = 0
configure:5159: result: yes
configure:5159: checking for string.h
configure:5159: gcc -c -Wall -g -D_FILE_OFFSET_BITS=64 -O3 -DNDEBUG  -I/usr/local/include conftest.c >&5
configure:5159: $? = 0
configure:5159: result: yes
configure:5159: checking for memory.h
configure:5159: gcc -c -Wall -g -D_FILE_OFFSET_BITS=64 -O3 -DNDEBUG  -I/usr/local/include conftest.c >&5
configure:5159: $? = 0
configure:5159: result: yes
configure:5159: checking for strings.h
configure:5159: gcc -c -Wall -g -D_FILE_OFFSET_BITS=64 -O3 -DNDEBUG  -I/usr/local/include conftest.c >&5
configure:5159: $? = 0
configure:5159: result: yes
configure:5159: checking for inttypes.h
configure:5159: gcc -c -Wall -g -D_FILE_OFFSET_BITS=64 -O3 -DNDEBUG  -I/usr/local/include conftest.c >&5
configure:5159: $? = 0
configure:5159: result: yes
configure:5159: checking for stdint.h
configure:5159: gcc -c -Wall -g -D_FILE_OFFSET_BITS=64 -O3 -DNDEBUG  -I/usr/local/include conftest.c >&5
configure:5159: $? = 0
configure:5159: result: yes
configure:5159: checking for unistd.h
configure:5159: gcc -c -Wall -g -D_FILE_OFFSET_BITS=64 -O3 -DNDEBUG  -I/usr/local/include conftest.c >&5
configure:5159: $? = 0
configure:5159: result: yes
configure:5174: checking fcntl.h usability
configure:5174: gcc -c -Wall -g -D_FILE_OFFSET_BITS=64 -O3 -DNDEBUG  -I/usr/local/include conftest.c >&5
configure:5174: $? = 0
configure:5174: result: yes
configure:5174: checking fcntl.h presence
configure:5174: gcc -E  -I/usr/local/include conftest.c
configure:5174: $? = 0
configure:5174: result: yes
configure:5174: checking for fcntl.h
configure:5174: result: yes
configure:5174: checking limits.h usability
configure:5174: gcc -c -Wall -g -D_FILE_OFFSET_BITS=64 -O3 -DNDEBUG  -I/usr/local/include conftest.c >&5
configure:5174: $? = 0
configure:5174: result: yes
configure:5174: checking limits.h presence
configure:5174: gcc -E  -I/usr/local/include conftest.c
configure:5174: $? = 0
configure:5174: result: yes
configure:5174: checking for limits.h
configure:5174: result: yes
configure:5174: checking netdb.h usability
configure:5174: gcc -c -Wall -g -D_FILE_OFFSET_BITS=64 -O3 -DNDEBUG  -I/usr/local/include conftest.c >&5
configure:5174: $? = 0
configure:5174: result: yes
configure:5174: checking netdb.h presence
configure:5174: gcc -E  -I/usr/local/include conftest.c
configure:5174: $? = 0
configure:5174: result: yes
configure:5174: checking for netdb.h
configure:5174: result: yes
configure:5174: checking netinet/in.h usability
configure:5174: gcc -c -Wall -g -D_FILE_OFFSET_BITS=64 -O3 -DNDEBUG  -I/usr/local/include conftest.c >&5
configure:5174: $? = 0
configure:5174: result: yes
configure:5174: checking netinet/in.h presence
configure:5174: gcc -E  -I/usr/local/include conftest.c
configure:5174: $? = 0
configure:5174: result: yes
configure:5174: checking for netinet/in.h
configure:5174: result: yes
configure:5174: checking for stdlib.h
configure:5174: result: yes
configure:5174: checking for string.h
configure:5174: result: yes
configure:5174: checking sys/file.h usability
configure:5174: gcc -c -Wall -g -D_FILE_OFFSET_BITS=64 -O3 -DNDEBUG  -I/usr/local/include conftest.c >&5
configure:5174: $? = 0
configure:5174: result: yes
configure:5174: checking sys/file.h presence
configure:5174: gcc -E  -I/usr/local/include conftest.c
configure:5174: $? = 0
configure:5174: result: yes
configure:5174: checking for sys/file.h
configure:5174: result: yes
configure:5174: checking sys/socket.h usability
configure:5174: gcc -c -Wall -g -D_FILE_OFFSET_BITS=64 -O3 -DNDEBUG  -I/usr/local/include conftest.c >&5
configure:5174: $? = 0
configure:5174: result: yes
configure:5174: checking sys/socket.h presence
configure:5174: gcc -E  -I/usr/local/include conftest.c
configure:5174: $? = 0
configure:5174: result: yes
configure:5174: checking for sys/socket.h
configure:5174: result: yes
configure:5174: checking sys/time.h usability
configure:5174: gcc -c -Wall -g -D_FILE_OFFSET_BITS=64 -O3 -DNDEBUG  -I/usr/local/include conftest.c >&5
configure:5174: $? = 0
configure:5174: result: yes
configure:5174: checking sys/time.h presence
configure:5174: gcc -E  -I/usr/local/include conftest.c
configure:5174: $? = 0
configure:5174: result: yes
configure:5174: checking for sys/time.h
configure:5174: result: yes
configure:5174: checking for unistd.h
configure:5174: result: yes
configure:5174: checking pthread.h usability
configure:5174: gcc -c -Wall -g -D_FILE_OFFSET_BITS=64 -O3 -DNDEBUG  -I/usr/local/include conftest.c >&5
configure:5174: $? = 0
configure:5174: result: yes
configure:5174: checking pthread.h presence
configure:5174: gcc -E  -I/usr/local/include conftest.c
configure:5174: $? = 0
configure:5174: result: yes
configure:5174: checking for pthread.h
configure:5174: result: yes
configure:5174: checking execinfo.h usability
configure:5174: gcc -c -Wall -g -D_FILE_OFFSET_BITS=64 -O3 -DNDEBUG  -I/usr/local/include conftest.c >&5
configure:5174: $? = 0
configure:5174: result: yes
configure:5174: checking execinfo.h presence
configure:5174: gcc -E  -I/usr/local/include conftest.c
configure:5174: $? = 0
configure:5174: result: yes
configure:5174: checking for execinfo.h
configure:5174: result: yes
configure:5184: checking expat.h usability
configure:5184: gcc -c -Wall -g -D_FILE_OFFSET_BITS=64 -O3 -DNDEBUG  -I/usr/local/include conftest.c >&5
configure:5184: $? = 0
configure:5184: result: yes
configure:5184: checking expat.h presence
configure:5184: gcc -E  -I/usr/local/include conftest.c
configure:5184: $? = 0
configure:5184: result: yes
configure:5184: checking for expat.h
configure:5184: result: yes
configure:5192: checking iconv.h usability
configure:5192: gcc -c -Wall -g -D_FILE_OFFSET_BITS=64 -O3 -DNDEBUG  -I/usr/local/include conftest.c >&5
configure:5192: $? = 0
configure:5192: result: yes
configure:5192: checking iconv.h presence
configure:5192: gcc -E  -I/usr/local/include conftest.c
configure:5192: $? = 0
configure:5192: result: yes
configure:5192: checking for iconv.h
configure:5192: result: yes
configure:5200: checking zlib.h usability
configure:5200: gcc -c -Wall -g -D_FILE_OFFSET_BITS=64 -O3 -DNDEBUG  -I/usr/local/include conftest.c >&5
configure:5200: $? = 0
configure:5200: result: yes
configure:5200: checking zlib.h presence
configure:5200: gcc -E  -I/usr/local/include conftest.c
configure:5200: $? = 0
configure:5200: result: yes
configure:5200: checking for zlib.h
configure:5200: result: yes
configure:5208: checking sql.h usability
configure:5208: gcc -c -Wall -g -D_FILE_OFFSET_BITS=64 -O3 -DNDEBUG  -I/usr/local/include conftest.c >&5
conftest.c:69:17: fatal error: sql.h: No such file or directory
compilation terminated.
configure:5208: $? = 1
configure: failed program was:
| /* confdefs.h */
| #define PACKAGE_NAME "sphinx"
| #define PACKAGE_TARNAME "sphinx"
| #define PACKAGE_VERSION "1.11"
| #define PACKAGE_STRING "sphinx 1.11"
| #define PACKAGE_BUGREPORT "shodan(at)shodan.ru"
| #define PACKAGE_URL ""
| #define PACKAGE "sphinx"
| #define VERSION "1.11"
| #define COMPILER "gcc 4.7"
| #define OS_UNAME "Linux whatever 3.8.0-32-generic #47-Ubuntu SMP Tue Oct 1 22:35:23 UTC 2013 x86_64 x86_64 x86_64 GNU/Linux"
| #define STDC_HEADERS 1
| #define HAVE_SYS_WAIT_H 1
| #define HAVE_SYS_TYPES_H 1
| #define HAVE_SYS_STAT_H 1
| #define HAVE_STDLIB_H 1
| #define HAVE_STRING_H 1
| #define HAVE_MEMORY_H 1
| #define HAVE_STRINGS_H 1
| #define HAVE_INTTYPES_H 1
| #define HAVE_STDINT_H 1
| #define HAVE_UNISTD_H 1
| #define HAVE_FCNTL_H 1
| #define HAVE_LIMITS_H 1
| #define HAVE_NETDB_H 1
| #define HAVE_NETINET_IN_H 1
| #define HAVE_STDLIB_H 1
| #define HAVE_STRING_H 1
| #define HAVE_SYS_FILE_H 1
| #define HAVE_SYS_SOCKET_H 1
| #define HAVE_SYS_TIME_H 1
| #define HAVE_UNISTD_H 1
| #define HAVE_PTHREAD_H 1
| #define HAVE_EXECINFO_H 1
| /* end confdefs.h.  */
| #include <stdio.h>
| #ifdef HAVE_SYS_TYPES_H
| # include <sys/types.h>
| #endif
| #ifdef HAVE_SYS_STAT_H
| # include <sys/stat.h>
| #endif
| #ifdef STDC_HEADERS
| # include <stdlib.h>
| # include <stddef.h>
| #else
| # ifdef HAVE_STDLIB_H
| #  include <stdlib.h>
| # endif
| #endif
| #ifdef HAVE_STRING_H
| # if !defined STDC_HEADERS && defined HAVE_MEMORY_H
| #  include <memory.h>
| # endif
| # include <string.h>
| #endif
| #ifdef HAVE_STRINGS_H
| # include <strings.h>
| #endif
| #ifdef HAVE_INTTYPES_H
| # include <inttypes.h>
| #endif
| #ifdef HAVE_STDINT_H
| # include <stdint.h>
| #endif
| #ifdef HAVE_UNISTD_H
| # include <unistd.h>
| #endif
| #include <sql.h>
configure:5208: result: no
configure:5208: checking sql.h presence
configure:5208: gcc -E  -I/usr/local/include conftest.c
conftest.c:36:17: fatal error: sql.h: No such file or directory
compilation terminated.
configure:5208: $? = 1
configure: failed program was:
| /* confdefs.h */
| #define PACKAGE_NAME "sphinx"
| #define PACKAGE_TARNAME "sphinx"
| #define PACKAGE_VERSION "1.11"
| #define PACKAGE_STRING "sphinx 1.11"
| #define PACKAGE_BUGREPORT "shodan(at)shodan.ru"
| #define PACKAGE_URL ""
| #define PACKAGE "sphinx"
| #define VERSION "1.11"
| #define COMPILER "gcc 4.7"
| #define OS_UNAME "Linux whatever 3.8.0-32-generic #47-Ubuntu SMP Tue Oct 1 22:35:23 UTC 2013 x86_64 x86_64 x86_64 GNU/Linux"
| #define STDC_HEADERS 1
| #define HAVE_SYS_WAIT_H 1
| #define HAVE_SYS_TYPES_H 1
| #define HAVE_SYS_STAT_H 1
| #define HAVE_STDLIB_H 1
| #define HAVE_STRING_H 1
| #define HAVE_MEMORY_H 1
| #define HAVE_STRINGS_H 1
| #define HAVE_INTTYPES_H 1
| #define HAVE_STDINT_H 1
| #define HAVE_UNISTD_H 1
| #define HAVE_FCNTL_H 1
| #define HAVE_LIMITS_H 1
| #define HAVE_NETDB_H 1
| #define HAVE_NETINET_IN_H 1
| #define HAVE_STDLIB_H 1
| #define HAVE_STRING_H 1
| #define HAVE_SYS_FILE_H 1
| #define HAVE_SYS_SOCKET_H 1
| #define HAVE_SYS_TIME_H 1
| #define HAVE_UNISTD_H 1
| #define HAVE_PTHREAD_H 1
| #define HAVE_EXECINFO_H 1
| /* end confdefs.h.  */
| #include <sql.h>
configure:5208: result: no
configure:5208: checking for sql.h
configure:5208: result: no
configure:5216: checking syslog.h usability
configure:5216: gcc -c -Wall -g -D_FILE_OFFSET_BITS=64 -O3 -DNDEBUG  -I/usr/local/include conftest.c >&5
configure:5216: $? = 0
configure:5216: result: yes
configure:5216: checking syslog.h presence
configure:5216: gcc -E  -I/usr/local/include conftest.c
configure:5216: $? = 0
configure:5216: result: yes
configure:5216: checking for syslog.h
configure:5216: result: yes
configure:5227: result: 
configure:5229: result: checking for types
configure:5232: result: ------------------
configure:5234: result: 
configure:5239: checking for stdbool.h that conforms to C99
configure:5306: gcc -c -Wall -g -D_FILE_OFFSET_BITS=64 -O3 -DNDEBUG  -I/usr/local/include conftest.c >&5
conftest.c: In function 'main':
conftest.c:85:14: warning: the address of 's' will always evaluate as 'true' [-Waddress]
conftest.c:89:22: warning: the address of 'a' will always evaluate as 'true' [-Waddress]
conftest.c:89:27: warning: the address of 'b' will always evaluate as 'true' [-Waddress]
conftest.c:89:32: warning: the address of 'c' will always evaluate as 'true' [-Waddress]
conftest.c:89:37: warning: the address of 'd' will always evaluate as 'true' [-Waddress]
conftest.c:89:47: warning: the address of 'f' will always evaluate as 'true' [-Waddress]
conftest.c:89:52: warning: the address of 'g' will always evaluate as 'true' [-Waddress]
conftest.c:89:57: warning: the address of 'h' will always evaluate as 'true' [-Waddress]
conftest.c:89:62: warning: the address of 'i' will always evaluate as 'true' [-Waddress]
conftest.c:90:29: warning: the address of 'n' will always evaluate as 'true' [-Waddress]
conftest.c:90:34: warning: the address of 'o' will always evaluate as 'true' [-Waddress]
conftest.c:90:39: warning: the address of 'p' will always evaluate as 'true' [-Waddress]
configure:5306: $? = 0
configure:5313: result: yes
configure:5315: checking for _Bool
configure:5315: gcc -c -Wall -g -D_FILE_OFFSET_BITS=64 -O3 -DNDEBUG  -I/usr/local/include conftest.c >&5
configure:5315: $? = 0
configure:5315: gcc -c -Wall -g -D_FILE_OFFSET_BITS=64 -O3 -DNDEBUG  -I/usr/local/include conftest.c >&5
conftest.c: In function 'main':
conftest.c:72:20: error: expected expression before ')' token
configure:5315: $? = 1
configure: failed program was:
| /* confdefs.h */
| #define PACKAGE_NAME "sphinx"
| #define PACKAGE_TARNAME "sphinx"
| #define PACKAGE_VERSION "1.11"
| #define PACKAGE_STRING "sphinx 1.11"
| #define PACKAGE_BUGREPORT "shodan(at)shodan.ru"
| #define PACKAGE_URL ""
| #define PACKAGE "sphinx"
| #define VERSION "1.11"
| #define COMPILER "gcc 4.7"
| #define OS_UNAME "Linux whatever 3.8.0-32-generic #47-Ubuntu SMP Tue Oct 1 22:35:23 UTC 2013 x86_64 x86_64 x86_64 GNU/Linux"
| #define STDC_HEADERS 1
| #define HAVE_SYS_WAIT_H 1
| #define HAVE_SYS_TYPES_H 1
| #define HAVE_SYS_STAT_H 1
| #define HAVE_STDLIB_H 1
| #define HAVE_STRING_H 1
| #define HAVE_MEMORY_H 1
| #define HAVE_STRINGS_H 1
| #define HAVE_INTTYPES_H 1
| #define HAVE_STDINT_H 1
| #define HAVE_UNISTD_H 1
| #define HAVE_FCNTL_H 1
| #define HAVE_LIMITS_H 1
| #define HAVE_NETDB_H 1
| #define HAVE_NETINET_IN_H 1
| #define HAVE_STDLIB_H 1
| #define HAVE_STRING_H 1
| #define HAVE_SYS_FILE_H 1
| #define HAVE_SYS_SOCKET_H 1
| #define HAVE_SYS_TIME_H 1
| #define HAVE_UNISTD_H 1
| #define HAVE_PTHREAD_H 1
| #define HAVE_EXECINFO_H 1
| /* end confdefs.h.  */
| #include <stdio.h>
| #ifdef HAVE_SYS_TYPES_H
| # include <sys/types.h>
| #endif
| #ifdef HAVE_SYS_STAT_H
| # include <sys/stat.h>
| #endif
| #ifdef STDC_HEADERS
| # include <stdlib.h>
| # include <stddef.h>
| #else
| # ifdef HAVE_STDLIB_H
| #  include <stdlib.h>
| # endif
| #endif
| #ifdef HAVE_STRING_H
| # if !defined STDC_HEADERS && defined HAVE_MEMORY_H
| #  include <memory.h>
| # endif
| # include <string.h>
| #endif
| #ifdef HAVE_STRINGS_H
| # include <strings.h>
| #endif
| #ifdef HAVE_INTTYPES_H
| # include <inttypes.h>
| #endif
| #ifdef HAVE_STDINT_H
| # include <stdint.h>
| #endif
| #ifdef HAVE_UNISTD_H
| # include <unistd.h>
| #endif
| int
| main ()
| {
| if (sizeof ((_Bool)))
| 	    return 0;
|   ;
|   return 0;
| }
configure:5315: result: yes
configure:5332: checking for an ANSI C-conforming const
configure:5398: gcc -c -Wall -g -D_FILE_OFFSET_BITS=64 -O3 -DNDEBUG  -I/usr/local/include conftest.c >&5
configure:5398: $? = 0
configure:5405: result: yes
configure:5413: checking for inline
configure:5429: gcc -c -Wall -g -D_FILE_OFFSET_BITS=64 -O3 -DNDEBUG  -I/usr/local/include conftest.c >&5
configure:5429: $? = 0
configure:5437: result: inline
configure:5455: checking for off_t
configure:5455: gcc -c -Wall -g -D_FILE_OFFSET_BITS=64 -O3 -DNDEBUG  -I/usr/local/include conftest.c >&5
configure:5455: $? = 0
configure:5455: gcc -c -Wall -g -D_FILE_OFFSET_BITS=64 -O3 -DNDEBUG  -I/usr/local/include conftest.c >&5
conftest.c: In function 'main':
conftest.c:74:20: error: expected expression before ')' token
configure:5455: $? = 1
configure: failed program was:
| /* confdefs.h */
| #define PACKAGE_NAME "sphinx"
| #define PACKAGE_TARNAME "sphinx"
| #define PACKAGE_VERSION "1.11"
| #define PACKAGE_STRING "sphinx 1.11"
| #define PACKAGE_BUGREPORT "shodan(at)shodan.ru"
| #define PACKAGE_URL ""
| #define PACKAGE "sphinx"
| #define VERSION "1.11"
| #define COMPILER "gcc 4.7"
| #define OS_UNAME "Linux whatever 3.8.0-32-generic #47-Ubuntu SMP Tue Oct 1 22:35:23 UTC 2013 x86_64 x86_64 x86_64 GNU/Linux"
| #define STDC_HEADERS 1
| #define HAVE_SYS_WAIT_H 1
| #define HAVE_SYS_TYPES_H 1
| #define HAVE_SYS_STAT_H 1
| #define HAVE_STDLIB_H 1
| #define HAVE_STRING_H 1
| #define HAVE_MEMORY_H 1
| #define HAVE_STRINGS_H 1
| #define HAVE_INTTYPES_H 1
| #define HAVE_STDINT_H 1
| #define HAVE_UNISTD_H 1
| #define HAVE_FCNTL_H 1
| #define HAVE_LIMITS_H 1
| #define HAVE_NETDB_H 1
| #define HAVE_NETINET_IN_H 1
| #define HAVE_STDLIB_H 1
| #define HAVE_STRING_H 1
| #define HAVE_SYS_FILE_H 1
| #define HAVE_SYS_SOCKET_H 1
| #define HAVE_SYS_TIME_H 1
| #define HAVE_UNISTD_H 1
| #define HAVE_PTHREAD_H 1
| #define HAVE_EXECINFO_H 1
| #define HAVE__BOOL 1
| #define HAVE_STDBOOL_H 1
| /* end confdefs.h.  */
| #include <stdio.h>
| #ifdef HAVE_SYS_TYPES_H
| # include <sys/types.h>
| #endif
| #ifdef HAVE_SYS_STAT_H
| # include <sys/stat.h>
| #endif
| #ifdef STDC_HEADERS
| # include <stdlib.h>
| # include <stddef.h>
| #else
| # ifdef HAVE_STDLIB_H
| #  include <stdlib.h>
| # endif
| #endif
| #ifdef HAVE_STRING_H
| # if !defined STDC_HEADERS && defined HAVE_MEMORY_H
| #  include <memory.h>
| # endif
| # include <string.h>
| #endif
| #ifdef HAVE_STRINGS_H
| # include <strings.h>
| #endif
| #ifdef HAVE_INTTYPES_H
| # include <inttypes.h>
| #endif
| #ifdef HAVE_STDINT_H
| # include <stdint.h>
| #endif
| #ifdef HAVE_UNISTD_H
| # include <unistd.h>
| #endif
| int
| main ()
| {
| if (sizeof ((off_t)))
| 	    return 0;
|   ;
|   return 0;
| }
configure:5455: result: yes
configure:5466: checking for size_t
configure:5466: gcc -c -Wall -g -D_FILE_OFFSET_BITS=64 -O3 -DNDEBUG  -I/usr/local/include conftest.c >&5
configure:5466: $? = 0
configure:5466: gcc -c -Wall -g -D_FILE_OFFSET_BITS=64 -O3 -DNDEBUG  -I/usr/local/include conftest.c >&5
conftest.c: In function 'main':
conftest.c:74:21: error: expected expression before ')' token
configure:5466: $? = 1
configure: failed program was:
| /* confdefs.h */
| #define PACKAGE_NAME "sphinx"
| #define PACKAGE_TARNAME "sphinx"
| #define PACKAGE_VERSION "1.11"
| #define PACKAGE_STRING "sphinx 1.11"
| #define PACKAGE_BUGREPORT "shodan(at)shodan.ru"
| #define PACKAGE_URL ""
| #define PACKAGE "sphinx"
| #define VERSION "1.11"
| #define COMPILER "gcc 4.7"
| #define OS_UNAME "Linux whatever 3.8.0-32-generic #47-Ubuntu SMP Tue Oct 1 22:35:23 UTC 2013 x86_64 x86_64 x86_64 GNU/Linux"
| #define STDC_HEADERS 1
| #define HAVE_SYS_WAIT_H 1
| #define HAVE_SYS_TYPES_H 1
| #define HAVE_SYS_STAT_H 1
| #define HAVE_STDLIB_H 1
| #define HAVE_STRING_H 1
| #define HAVE_MEMORY_H 1
| #define HAVE_STRINGS_H 1
| #define HAVE_INTTYPES_H 1
| #define HAVE_STDINT_H 1
| #define HAVE_UNISTD_H 1
| #define HAVE_FCNTL_H 1
| #define HAVE_LIMITS_H 1
| #define HAVE_NETDB_H 1
| #define HAVE_NETINET_IN_H 1
| #define HAVE_STDLIB_H 1
| #define HAVE_STRING_H 1
| #define HAVE_SYS_FILE_H 1
| #define HAVE_SYS_SOCKET_H 1
| #define HAVE_SYS_TIME_H 1
| #define HAVE_UNISTD_H 1
| #define HAVE_PTHREAD_H 1
| #define HAVE_EXECINFO_H 1
| #define HAVE__BOOL 1
| #define HAVE_STDBOOL_H 1
| /* end confdefs.h.  */
| #include <stdio.h>
| #ifdef HAVE_SYS_TYPES_H
| # include <sys/types.h>
| #endif
| #ifdef HAVE_SYS_STAT_H
| # include <sys/stat.h>
| #endif
| #ifdef STDC_HEADERS
| # include <stdlib.h>
| # include <stddef.h>
| #else
| # ifdef HAVE_STDLIB_H
| #  include <stdlib.h>
| # endif
| #endif
| #ifdef HAVE_STRING_H
| # if !defined STDC_HEADERS && defined HAVE_MEMORY_H
| #  include <memory.h>
| # endif
| # include <string.h>
| #endif
| #ifdef HAVE_STRINGS_H
| # include <strings.h>
| #endif
| #ifdef HAVE_INTTYPES_H
| # include <inttypes.h>
| #endif
| #ifdef HAVE_STDINT_H
| # include <stdint.h>
| #endif
| #ifdef HAVE_UNISTD_H
| # include <unistd.h>
| #endif
| int
| main ()
| {
| if (sizeof ((size_t)))
| 	    return 0;
|   ;
|   return 0;
| }
configure:5466: result: yes
configure:5477: checking whether time.h and sys/time.h may both be included
configure:5497: gcc -c -Wall -g -D_FILE_OFFSET_BITS=64 -O3 -DNDEBUG  -I/usr/local/include conftest.c >&5
configure:5497: $? = 0
configure:5504: result: yes
configure:5515: result: 
configure:5517: result: checking for library functions
configure:5520: result: ------------------------------
configure:5522: result: 
configure:5527: checking for pid_t
configure:5527: gcc -c -Wall -g -D_FILE_OFFSET_BITS=64 -O3 -DNDEBUG  -I/usr/local/include conftest.c >&5
configure:5527: $? = 0
configure:5527: gcc -c -Wall -g -D_FILE_OFFSET_BITS=64 -O3 -DNDEBUG  -I/usr/local/include conftest.c >&5
conftest.c: In function 'main':
conftest.c:75:20: error: expected expression before ')' token
configure:5527: $? = 1
configure: failed program was:
| /* confdefs.h */
| #define PACKAGE_NAME "sphinx"
| #define PACKAGE_TARNAME "sphinx"
| #define PACKAGE_VERSION "1.11"
| #define PACKAGE_STRING "sphinx 1.11"
| #define PACKAGE_BUGREPORT "shodan(at)shodan.ru"
| #define PACKAGE_URL ""
| #define PACKAGE "sphinx"
| #define VERSION "1.11"
| #define COMPILER "gcc 4.7"
| #define OS_UNAME "Linux whatever 3.8.0-32-generic #47-Ubuntu SMP Tue Oct 1 22:35:23 UTC 2013 x86_64 x86_64 x86_64 GNU/Linux"
| #define STDC_HEADERS 1
| #define HAVE_SYS_WAIT_H 1
| #define HAVE_SYS_TYPES_H 1
| #define HAVE_SYS_STAT_H 1
| #define HAVE_STDLIB_H 1
| #define HAVE_STRING_H 1
| #define HAVE_MEMORY_H 1
| #define HAVE_STRINGS_H 1
| #define HAVE_INTTYPES_H 1
| #define HAVE_STDINT_H 1
| #define HAVE_UNISTD_H 1
| #define HAVE_FCNTL_H 1
| #define HAVE_LIMITS_H 1
| #define HAVE_NETDB_H 1
| #define HAVE_NETINET_IN_H 1
| #define HAVE_STDLIB_H 1
| #define HAVE_STRING_H 1
| #define HAVE_SYS_FILE_H 1
| #define HAVE_SYS_SOCKET_H 1
| #define HAVE_SYS_TIME_H 1
| #define HAVE_UNISTD_H 1
| #define HAVE_PTHREAD_H 1
| #define HAVE_EXECINFO_H 1
| #define HAVE__BOOL 1
| #define HAVE_STDBOOL_H 1
| #define TIME_WITH_SYS_TIME 1
| /* end confdefs.h.  */
| #include <stdio.h>
| #ifdef HAVE_SYS_TYPES_H
| # include <sys/types.h>
| #endif
| #ifdef HAVE_SYS_STAT_H
| # include <sys/stat.h>
| #endif
| #ifdef STDC_HEADERS
| # include <stdlib.h>
| # include <stddef.h>
| #else
| # ifdef HAVE_STDLIB_H
| #  include <stdlib.h>
| # endif
| #endif
| #ifdef HAVE_STRING_H
| # if !defined STDC_HEADERS && defined HAVE_MEMORY_H
| #  include <memory.h>
| # endif
| # include <string.h>
| #endif
| #ifdef HAVE_STRINGS_H
| # include <strings.h>
| #endif
| #ifdef HAVE_INTTYPES_H
| # include <inttypes.h>
| #endif
| #ifdef HAVE_STDINT_H
| # include <stdint.h>
| #endif
| #ifdef HAVE_UNISTD_H
| # include <unistd.h>
| #endif
| int
| main ()
| {
| if (sizeof ((pid_t)))
| 	    return 0;
|   ;
|   return 0;
| }
configure:5527: result: yes
configure:5540: checking vfork.h usability
configure:5540: gcc -c -Wall -g -D_FILE_OFFSET_BITS=64 -O3 -DNDEBUG  -I/usr/local/include conftest.c >&5
conftest.c:72:19: fatal error: vfork.h: No such file or directory
compilation terminated.
configure:5540: $? = 1
configure: failed program was:
| /* confdefs.h */
| #define PACKAGE_NAME "sphinx"
| #define PACKAGE_TARNAME "sphinx"
| #define PACKAGE_VERSION "1.11"
| #define PACKAGE_STRING "sphinx 1.11"
| #define PACKAGE_BUGREPORT "shodan(at)shodan.ru"
| #define PACKAGE_URL ""
| #define PACKAGE "sphinx"
| #define VERSION "1.11"
| #define COMPILER "gcc 4.7"
| #define OS_UNAME "Linux whatever 3.8.0-32-generic #47-Ubuntu SMP Tue Oct 1 22:35:23 UTC 2013 x86_64 x86_64 x86_64 GNU/Linux"
| #define STDC_HEADERS 1
| #define HAVE_SYS_WAIT_H 1
| #define HAVE_SYS_TYPES_H 1
| #define HAVE_SYS_STAT_H 1
| #define HAVE_STDLIB_H 1
| #define HAVE_STRING_H 1
| #define HAVE_MEMORY_H 1
| #define HAVE_STRINGS_H 1
| #define HAVE_INTTYPES_H 1
| #define HAVE_STDINT_H 1
| #define HAVE_UNISTD_H 1
| #define HAVE_FCNTL_H 1
| #define HAVE_LIMITS_H 1
| #define HAVE_NETDB_H 1
| #define HAVE_NETINET_IN_H 1
| #define HAVE_STDLIB_H 1
| #define HAVE_STRING_H 1
| #define HAVE_SYS_FILE_H 1
| #define HAVE_SYS_SOCKET_H 1
| #define HAVE_SYS_TIME_H 1
| #define HAVE_UNISTD_H 1
| #define HAVE_PTHREAD_H 1
| #define HAVE_EXECINFO_H 1
| #define HAVE__BOOL 1
| #define HAVE_STDBOOL_H 1
| #define TIME_WITH_SYS_TIME 1
| /* end confdefs.h.  */
| #include <stdio.h>
| #ifdef HAVE_SYS_TYPES_H
| # include <sys/types.h>
| #endif
| #ifdef HAVE_SYS_STAT_H
| # include <sys/stat.h>
| #endif
| #ifdef STDC_HEADERS
| # include <stdlib.h>
| # include <stddef.h>
| #else
| # ifdef HAVE_STDLIB_H
| #  include <stdlib.h>
| # endif
| #endif
| #ifdef HAVE_STRING_H
| # if !defined STDC_HEADERS && defined HAVE_MEMORY_H
| #  include <memory.h>
| # endif
| # include <string.h>
| #endif
| #ifdef HAVE_STRINGS_H
| # include <strings.h>
| #endif
| #ifdef HAVE_INTTYPES_H
| # include <inttypes.h>
| #endif
| #ifdef HAVE_STDINT_H
| # include <stdint.h>
| #endif
| #ifdef HAVE_UNISTD_H
| # include <unistd.h>
| #endif
| #include <vfork.h>
configure:5540: result: no
configure:5540: checking vfork.h presence
configure:5540: gcc -E  -I/usr/local/include conftest.c
conftest.c:39:19: fatal error: vfork.h: No such file or directory
compilation terminated.
configure:5540: $? = 1
configure: failed program was:
| /* confdefs.h */
| #define PACKAGE_NAME "sphinx"
| #define PACKAGE_TARNAME "sphinx"
| #define PACKAGE_VERSION "1.11"
| #define PACKAGE_STRING "sphinx 1.11"
| #define PACKAGE_BUGREPORT "shodan(at)shodan.ru"
| #define PACKAGE_URL ""
| #define PACKAGE "sphinx"
| #define VERSION "1.11"
| #define COMPILER "gcc 4.7"
| #define OS_UNAME "Linux whatever 3.8.0-32-generic #47-Ubuntu SMP Tue Oct 1 22:35:23 UTC 2013 x86_64 x86_64 x86_64 GNU/Linux"
| #define STDC_HEADERS 1
| #define HAVE_SYS_WAIT_H 1
| #define HAVE_SYS_TYPES_H 1
| #define HAVE_SYS_STAT_H 1
| #define HAVE_STDLIB_H 1
| #define HAVE_STRING_H 1
| #define HAVE_MEMORY_H 1
| #define HAVE_STRINGS_H 1
| #define HAVE_INTTYPES_H 1
| #define HAVE_STDINT_H 1
| #define HAVE_UNISTD_H 1
| #define HAVE_FCNTL_H 1
| #define HAVE_LIMITS_H 1
| #define HAVE_NETDB_H 1
| #define HAVE_NETINET_IN_H 1
| #define HAVE_STDLIB_H 1
| #define HAVE_STRING_H 1
| #define HAVE_SYS_FILE_H 1
| #define HAVE_SYS_SOCKET_H 1
| #define HAVE_SYS_TIME_H 1
| #define HAVE_UNISTD_H 1
| #define HAVE_PTHREAD_H 1
| #define HAVE_EXECINFO_H 1
| #define HAVE__BOOL 1
| #define HAVE_STDBOOL_H 1
| #define TIME_WITH_SYS_TIME 1
| /* end confdefs.h.  */
| #include <vfork.h>
configure:5540: result: no
configure:5540: checking for vfork.h
configure:5540: result: no
configure:5553: checking for fork
configure:5553: gcc -o conftest -Wall -g -D_FILE_OFFSET_BITS=64 -O3 -DNDEBUG  -I/usr/local/include  conftest.c  -L/usr/local/lib >&5
conftest.c:62:6: warning: conflicting types for built-in function 'fork' [enabled by default]
configure:5553: $? = 0
configure:5553: result: yes
configure:5553: checking for vfork
configure:5553: gcc -o conftest -Wall -g -D_FILE_OFFSET_BITS=64 -O3 -DNDEBUG  -I/usr/local/include  conftest.c  -L/usr/local/lib >&5
configure:5553: $? = 0
configure:5553: result: yes
configure:5563: checking for working fork
configure:5585: gcc -o conftest -Wall -g -D_FILE_OFFSET_BITS=64 -O3 -DNDEBUG  -I/usr/local/include  conftest.c  -L/usr/local/lib >&5
configure:5585: $? = 0
configure:5585: ./conftest
configure:5585: $? = 0
configure:5595: result: yes
configure:5616: checking for working vfork
configure:5726: result: yes
configure:5753: checking for stdlib.h
configure:5753: result: yes
configure:5763: checking for GNU libc compatible malloc
configure:5787: gcc -o conftest -Wall -g -D_FILE_OFFSET_BITS=64 -O3 -DNDEBUG  -I/usr/local/include  conftest.c  -L/usr/local/lib >&5
configure:5787: $? = 0
configure:5787: ./conftest
configure:5787: $? = 0
configure:5797: result: yes
configure:5820: checking for stdlib.h
configure:5820: result: yes
configure:5830: checking for GNU libc compatible realloc
configure:5854: gcc -o conftest -Wall -g -D_FILE_OFFSET_BITS=64 -O3 -DNDEBUG  -I/usr/local/include  conftest.c  -L/usr/local/lib >&5
configure:5854: $? = 0
configure:5854: ./conftest
configure:5854: $? = 0
configure:5864: result: yes
configure:5888: checking sys/select.h usability
configure:5888: gcc -c -Wall -g -D_FILE_OFFSET_BITS=64 -O3 -DNDEBUG  -I/usr/local/include conftest.c >&5
configure:5888: $? = 0
configure:5888: result: yes
configure:5888: checking sys/select.h presence
configure:5888: gcc -E  -I/usr/local/include conftest.c
configure:5888: $? = 0
configure:5888: result: yes
configure:5888: checking for sys/select.h
configure:5888: result: yes
configure:5888: checking for sys/socket.h
configure:5888: result: yes
configure:5898: checking types of arguments for select
configure:5926: gcc -c -Wall -g -D_FILE_OFFSET_BITS=64 -O3 -DNDEBUG  -I/usr/local/include conftest.c >&5
configure:5926: $? = 0
configure:5937: result: int,fd_set *,struct timeval *
configure:5960: checking return type of signal handlers
configure:5978: gcc -c -Wall -g -D_FILE_OFFSET_BITS=64 -O3 -DNDEBUG  -I/usr/local/include conftest.c >&5
conftest.c: In function 'main':
conftest.c:58:1: error: void value not ignored as it ought to be
configure:5978: $? = 1
configure: failed program was:
| /* confdefs.h */
| #define PACKAGE_NAME "sphinx"
| #define PACKAGE_TARNAME "sphinx"
| #define PACKAGE_VERSION "1.11"
| #define PACKAGE_STRING "sphinx 1.11"
| #define PACKAGE_BUGREPORT "shodan(at)shodan.ru"
| #define PACKAGE_URL ""
| #define PACKAGE "sphinx"
| #define VERSION "1.11"
| #define COMPILER "gcc 4.7"
| #define OS_UNAME "Linux whatever 3.8.0-32-generic #47-Ubuntu SMP Tue Oct 1 22:35:23 UTC 2013 x86_64 x86_64 x86_64 GNU/Linux"
| #define STDC_HEADERS 1
| #define HAVE_SYS_WAIT_H 1
| #define HAVE_SYS_TYPES_H 1
| #define HAVE_SYS_STAT_H 1
| #define HAVE_STDLIB_H 1
| #define HAVE_STRING_H 1
| #define HAVE_MEMORY_H 1
| #define HAVE_STRINGS_H 1
| #define HAVE_INTTYPES_H 1
| #define HAVE_STDINT_H 1
| #define HAVE_UNISTD_H 1
| #define HAVE_FCNTL_H 1
| #define HAVE_LIMITS_H 1
| #define HAVE_NETDB_H 1
| #define HAVE_NETINET_IN_H 1
| #define HAVE_STDLIB_H 1
| #define HAVE_STRING_H 1
| #define HAVE_SYS_FILE_H 1
| #define HAVE_SYS_SOCKET_H 1
| #define HAVE_SYS_TIME_H 1
| #define HAVE_UNISTD_H 1
| #define HAVE_PTHREAD_H 1
| #define HAVE_EXECINFO_H 1
| #define HAVE__BOOL 1
| #define HAVE_STDBOOL_H 1
| #define TIME_WITH_SYS_TIME 1
| #define HAVE_FORK 1
| #define HAVE_VFORK 1
| #define HAVE_WORKING_VFORK 1
| #define HAVE_WORKING_FORK 1
| #define HAVE_STDLIB_H 1
| #define HAVE_MALLOC 1
| #define HAVE_STDLIB_H 1
| #define HAVE_REALLOC 1
| #define HAVE_SYS_SELECT_H 1
| #define HAVE_SYS_SOCKET_H 1
| #define SELECT_TYPE_ARG1 int
| #define SELECT_TYPE_ARG234 (fd_set *)
| #define SELECT_TYPE_ARG5 (struct timeval *)
| /* end confdefs.h.  */
| #include <sys/types.h>
| #include <signal.h>
| 
| int
| main ()
| {
| return *(signal (0, 0)) (0) == 1;
|   ;
|   return 0;
| }
configure:5985: result: void
configure:5993: checking whether lstat correctly handles trailing slash
configure:6019: gcc -o conftest -Wall -g -D_FILE_OFFSET_BITS=64 -O3 -DNDEBUG  -I/usr/local/include  conftest.c  -L/usr/local/lib >&5
configure:6019: $? = 0
configure:6019: ./conftest
configure:6019: $? = 0
configure:6036: result: yes
configure:6055: checking whether stat accepts an empty string
configure:6075: gcc -o conftest -Wall -g -D_FILE_OFFSET_BITS=64 -O3 -DNDEBUG  -I/usr/local/include  conftest.c  -L/usr/local/lib >&5
configure:6075: $? = 0
configure:6075: ./conftest
configure:6075: $? = 0
configure:6085: result: no
configure:6103: checking for vprintf
configure:6103: gcc -o conftest -Wall -g -D_FILE_OFFSET_BITS=64 -O3 -DNDEBUG  -I/usr/local/include  conftest.c  -L/usr/local/lib >&5
conftest.c:77:6: warning: conflicting types for built-in function 'vprintf' [enabled by default]
configure:6103: $? = 0
configure:6103: result: yes
configure:6109: checking for _doprnt
configure:6109: gcc -o conftest -Wall -g -D_FILE_OFFSET_BITS=64 -O3 -DNDEBUG  -I/usr/local/include  conftest.c  -L/usr/local/lib >&5
/tmp/ccLyZfJc.o: In function `main':
/var/www/PHPLibrary/CoreSeek4/csft-4.1/conftest.c:89: undefined reference to `_doprnt'
collect2: error: ld returned 1 exit status
configure:6109: $? = 1
configure: failed program was:
| /* confdefs.h */
| #define PACKAGE_NAME "sphinx"
| #define PACKAGE_TARNAME "sphinx"
| #define PACKAGE_VERSION "1.11"
| #define PACKAGE_STRING "sphinx 1.11"
| #define PACKAGE_BUGREPORT "shodan(at)shodan.ru"
| #define PACKAGE_URL ""
| #define PACKAGE "sphinx"
| #define VERSION "1.11"
| #define COMPILER "gcc 4.7"
| #define OS_UNAME "Linux whatever 3.8.0-32-generic #47-Ubuntu SMP Tue Oct 1 22:35:23 UTC 2013 x86_64 x86_64 x86_64 GNU/Linux"
| #define STDC_HEADERS 1
| #define HAVE_SYS_WAIT_H 1
| #define HAVE_SYS_TYPES_H 1
| #define HAVE_SYS_STAT_H 1
| #define HAVE_STDLIB_H 1
| #define HAVE_STRING_H 1
| #define HAVE_MEMORY_H 1
| #define HAVE_STRINGS_H 1
| #define HAVE_INTTYPES_H 1
| #define HAVE_STDINT_H 1
| #define HAVE_UNISTD_H 1
| #define HAVE_FCNTL_H 1
| #define HAVE_LIMITS_H 1
| #define HAVE_NETDB_H 1
| #define HAVE_NETINET_IN_H 1
| #define HAVE_STDLIB_H 1
| #define HAVE_STRING_H 1
| #define HAVE_SYS_FILE_H 1
| #define HAVE_SYS_SOCKET_H 1
| #define HAVE_SYS_TIME_H 1
| #define HAVE_UNISTD_H 1
| #define HAVE_PTHREAD_H 1
| #define HAVE_EXECINFO_H 1
| #define HAVE__BOOL 1
| #define HAVE_STDBOOL_H 1
| #define TIME_WITH_SYS_TIME 1
| #define HAVE_FORK 1
| #define HAVE_VFORK 1
| #define HAVE_WORKING_VFORK 1
| #define HAVE_WORKING_FORK 1
| #define HAVE_STDLIB_H 1
| #define HAVE_MALLOC 1
| #define HAVE_STDLIB_H 1
| #define HAVE_REALLOC 1
| #define HAVE_SYS_SELECT_H 1
| #define HAVE_SYS_SOCKET_H 1
| #define SELECT_TYPE_ARG1 int
| #define SELECT_TYPE_ARG234 (fd_set *)
| #define SELECT_TYPE_ARG5 (struct timeval *)
| #define RETSIGTYPE void
| #define LSTAT_FOLLOWS_SLASHED_SYMLINK 1
| #define HAVE_VPRINTF 1
| /* end confdefs.h.  */
| /* Define _doprnt to an innocuous variant, in case <limits.h> declares _doprnt.
|    For example, HP-UX 11i <limits.h> declares gettimeofday.  */
| #define _doprnt innocuous__doprnt
| 
| /* System header to define __stub macros and hopefully few prototypes,
|     which can conflict with char _doprnt (); below.
|     Prefer <limits.h> to <assert.h> if __STDC__ is defined, since
|     <limits.h> exists even on freestanding compilers.  */
| 
| #ifdef __STDC__
| # include <limits.h>
| #else
| # include <assert.h>
| #endif
| 
| #undef _doprnt
| 
| /* Override any GCC internal prototype to avoid an error.
|    Use char because int might match the return type of a GCC
|    builtin and then its argument prototype would still apply.  */
| #ifdef __cplusplus
| extern "C"
| #endif
| char _doprnt ();
| /* The GNU C library defines this for functions which it implements
|     to always fail with ENOSYS.  Some functions are actually named
|     something starting with __ and the normal name is an alias.  */
| #if defined __stub__doprnt || defined __stub____doprnt
| choke me
| #endif
| 
| int
| main ()
| {
| return _doprnt ();
|   ;
|   return 0;
| }
configure:6109: result: no
configure:6120: checking for library containing setsockopt
configure:6151: gcc -o conftest -Wall -g -D_FILE_OFFSET_BITS=64 -O3 -DNDEBUG  -I/usr/local/include  conftest.c  -L/usr/local/lib >&5
configure:6151: $? = 0
configure:6168: result: none required
configure:6176: checking for library containing gethostbyname
configure:6207: gcc -o conftest -Wall -g -D_FILE_OFFSET_BITS=64 -O3 -DNDEBUG  -I/usr/local/include  conftest.c  -L/usr/local/lib >&5
configure:6207: $? = 0
configure:6224: result: none required
configure:6232: checking for library containing XML_Parse
configure:6263: gcc -o conftest -Wall -g -D_FILE_OFFSET_BITS=64 -O3 -DNDEBUG  -I/usr/local/include  conftest.c  -L/usr/local/lib >&5
/tmp/cclgJLCh.o: In function `main':
/var/www/PHPLibrary/CoreSeek4/csft-4.1/conftest.c:66: undefined reference to `XML_Parse'
collect2: error: ld returned 1 exit status
configure:6263: $? = 1
configure: failed program was:
| /* confdefs.h */
| #define PACKAGE_NAME "sphinx"
| #define PACKAGE_TARNAME "sphinx"
| #define PACKAGE_VERSION "1.11"
| #define PACKAGE_STRING "sphinx 1.11"
| #define PACKAGE_BUGREPORT "shodan(at)shodan.ru"
| #define PACKAGE_URL ""
| #define PACKAGE "sphinx"
| #define VERSION "1.11"
| #define COMPILER "gcc 4.7"
| #define OS_UNAME "Linux whatever 3.8.0-32-generic #47-Ubuntu SMP Tue Oct 1 22:35:23 UTC 2013 x86_64 x86_64 x86_64 GNU/Linux"
| #define STDC_HEADERS 1
| #define HAVE_SYS_WAIT_H 1
| #define HAVE_SYS_TYPES_H 1
| #define HAVE_SYS_STAT_H 1
| #define HAVE_STDLIB_H 1
| #define HAVE_STRING_H 1
| #define HAVE_MEMORY_H 1
| #define HAVE_STRINGS_H 1
| #define HAVE_INTTYPES_H 1
| #define HAVE_STDINT_H 1
| #define HAVE_UNISTD_H 1
| #define HAVE_FCNTL_H 1
| #define HAVE_LIMITS_H 1
| #define HAVE_NETDB_H 1
| #define HAVE_NETINET_IN_H 1
| #define HAVE_STDLIB_H 1
| #define HAVE_STRING_H 1
| #define HAVE_SYS_FILE_H 1
| #define HAVE_SYS_SOCKET_H 1
| #define HAVE_SYS_TIME_H 1
| #define HAVE_UNISTD_H 1
| #define HAVE_PTHREAD_H 1
| #define HAVE_EXECINFO_H 1
| #define HAVE__BOOL 1
| #define HAVE_STDBOOL_H 1
| #define TIME_WITH_SYS_TIME 1
| #define HAVE_FORK 1
| #define HAVE_VFORK 1
| #define HAVE_WORKING_VFORK 1
| #define HAVE_WORKING_FORK 1
| #define HAVE_STDLIB_H 1
| #define HAVE_MALLOC 1
| #define HAVE_STDLIB_H 1
| #define HAVE_REALLOC 1
| #define HAVE_SYS_SELECT_H 1
| #define HAVE_SYS_SOCKET_H 1
| #define SELECT_TYPE_ARG1 int
| #define SELECT_TYPE_ARG234 (fd_set *)
| #define SELECT_TYPE_ARG5 (struct timeval *)
| #define RETSIGTYPE void
| #define LSTAT_FOLLOWS_SLASHED_SYMLINK 1
| #define HAVE_VPRINTF 1
| /* end confdefs.h.  */
| 
| /* Override any GCC internal prototype to avoid an error.
|    Use char because int might match the return type of a GCC
|    builtin and then its argument prototype would still apply.  */
| #ifdef __cplusplus
| extern "C"
| #endif
| char XML_Parse ();
| int
| main ()
| {
| return XML_Parse ();
|   ;
|   return 0;
| }
configure:6263: gcc -o conftest -Wall -g -D_FILE_OFFSET_BITS=64 -O3 -DNDEBUG  -I/usr/local/include  conftest.c -lexpat   -L/usr/local/lib >&5
configure:6263: $? = 0
configure:6280: result: -lexpat
configure:6290: checking for library containing iconv
configure:6321: gcc -o conftest -Wall -g -D_FILE_OFFSET_BITS=64 -O3 -DNDEBUG  -I/usr/local/include  conftest.c -lexpat  -L/usr/local/lib >&5
configure:6321: $? = 0
configure:6338: result: none required
configure:6348: checking for library containing inflate
configure:6379: gcc -o conftest -Wall -g -D_FILE_OFFSET_BITS=64 -O3 -DNDEBUG  -I/usr/local/include  conftest.c -lexpat  -L/usr/local/lib >&5
/tmp/cccmeNTq.o: In function `main':
/var/www/PHPLibrary/CoreSeek4/csft-4.1/conftest.c:66: undefined reference to `inflate'
collect2: error: ld returned 1 exit status
configure:6379: $? = 1
configure: failed program was:
| /* confdefs.h */
| #define PACKAGE_NAME "sphinx"
| #define PACKAGE_TARNAME "sphinx"
| #define PACKAGE_VERSION "1.11"
| #define PACKAGE_STRING "sphinx 1.11"
| #define PACKAGE_BUGREPORT "shodan(at)shodan.ru"
| #define PACKAGE_URL ""
| #define PACKAGE "sphinx"
| #define VERSION "1.11"
| #define COMPILER "gcc 4.7"
| #define OS_UNAME "Linux whatever 3.8.0-32-generic #47-Ubuntu SMP Tue Oct 1 22:35:23 UTC 2013 x86_64 x86_64 x86_64 GNU/Linux"
| #define STDC_HEADERS 1
| #define HAVE_SYS_WAIT_H 1
| #define HAVE_SYS_TYPES_H 1
| #define HAVE_SYS_STAT_H 1
| #define HAVE_STDLIB_H 1
| #define HAVE_STRING_H 1
| #define HAVE_MEMORY_H 1
| #define HAVE_STRINGS_H 1
| #define HAVE_INTTYPES_H 1
| #define HAVE_STDINT_H 1
| #define HAVE_UNISTD_H 1
| #define HAVE_FCNTL_H 1
| #define HAVE_LIMITS_H 1
| #define HAVE_NETDB_H 1
| #define HAVE_NETINET_IN_H 1
| #define HAVE_STDLIB_H 1
| #define HAVE_STRING_H 1
| #define HAVE_SYS_FILE_H 1
| #define HAVE_SYS_SOCKET_H 1
| #define HAVE_SYS_TIME_H 1
| #define HAVE_UNISTD_H 1
| #define HAVE_PTHREAD_H 1
| #define HAVE_EXECINFO_H 1
| #define HAVE__BOOL 1
| #define HAVE_STDBOOL_H 1
| #define TIME_WITH_SYS_TIME 1
| #define HAVE_FORK 1
| #define HAVE_VFORK 1
| #define HAVE_WORKING_VFORK 1
| #define HAVE_WORKING_FORK 1
| #define HAVE_STDLIB_H 1
| #define HAVE_MALLOC 1
| #define HAVE_STDLIB_H 1
| #define HAVE_REALLOC 1
| #define HAVE_SYS_SELECT_H 1
| #define HAVE_SYS_SOCKET_H 1
| #define SELECT_TYPE_ARG1 int
| #define SELECT_TYPE_ARG234 (fd_set *)
| #define SELECT_TYPE_ARG5 (struct timeval *)
| #define RETSIGTYPE void
| #define LSTAT_FOLLOWS_SLASHED_SYMLINK 1
| #define HAVE_VPRINTF 1
| /* end confdefs.h.  */
| 
| /* Override any GCC internal prototype to avoid an error.
|    Use char because int might match the return type of a GCC
|    builtin and then its argument prototype would still apply.  */
| #ifdef __cplusplus
| extern "C"
| #endif
| char inflate ();
| int
| main ()
| {
| return inflate ();
|   ;
|   return 0;
| }
configure:6379: gcc -o conftest -Wall -g -D_FILE_OFFSET_BITS=64 -O3 -DNDEBUG  -I/usr/local/include  conftest.c -lz  -lexpat  -L/usr/local/lib >&5
configure:6379: $? = 0
configure:6396: result: -lz
configure:6406: checking for library containing logf
configure:6437: gcc -o conftest -Wall -g -D_FILE_OFFSET_BITS=64 -O3 -DNDEBUG  -I/usr/local/include  conftest.c -lz -lexpat  -L/usr/local/lib >&5
conftest.c:62:6: warning: conflicting types for built-in function 'logf' [enabled by default]
/tmp/cc1srlRy.o: In function `main':
/var/www/PHPLibrary/CoreSeek4/csft-4.1/conftest.c:66: undefined reference to `logf'
collect2: error: ld returned 1 exit status
configure:6437: $? = 1
configure: failed program was:
| /* confdefs.h */
| #define PACKAGE_NAME "sphinx"
| #define PACKAGE_TARNAME "sphinx"
| #define PACKAGE_VERSION "1.11"
| #define PACKAGE_STRING "sphinx 1.11"
| #define PACKAGE_BUGREPORT "shodan(at)shodan.ru"
| #define PACKAGE_URL ""
| #define PACKAGE "sphinx"
| #define VERSION "1.11"
| #define COMPILER "gcc 4.7"
| #define OS_UNAME "Linux whatever 3.8.0-32-generic #47-Ubuntu SMP Tue Oct 1 22:35:23 UTC 2013 x86_64 x86_64 x86_64 GNU/Linux"
| #define STDC_HEADERS 1
| #define HAVE_SYS_WAIT_H 1
| #define HAVE_SYS_TYPES_H 1
| #define HAVE_SYS_STAT_H 1
| #define HAVE_STDLIB_H 1
| #define HAVE_STRING_H 1
| #define HAVE_MEMORY_H 1
| #define HAVE_STRINGS_H 1
| #define HAVE_INTTYPES_H 1
| #define HAVE_STDINT_H 1
| #define HAVE_UNISTD_H 1
| #define HAVE_FCNTL_H 1
| #define HAVE_LIMITS_H 1
| #define HAVE_NETDB_H 1
| #define HAVE_NETINET_IN_H 1
| #define HAVE_STDLIB_H 1
| #define HAVE_STRING_H 1
| #define HAVE_SYS_FILE_H 1
| #define HAVE_SYS_SOCKET_H 1
| #define HAVE_SYS_TIME_H 1
| #define HAVE_UNISTD_H 1
| #define HAVE_PTHREAD_H 1
| #define HAVE_EXECINFO_H 1
| #define HAVE__BOOL 1
| #define HAVE_STDBOOL_H 1
| #define TIME_WITH_SYS_TIME 1
| #define HAVE_FORK 1
| #define HAVE_VFORK 1
| #define HAVE_WORKING_VFORK 1
| #define HAVE_WORKING_FORK 1
| #define HAVE_STDLIB_H 1
| #define HAVE_MALLOC 1
| #define HAVE_STDLIB_H 1
| #define HAVE_REALLOC 1
| #define HAVE_SYS_SELECT_H 1
| #define HAVE_SYS_SOCKET_H 1
| #define SELECT_TYPE_ARG1 int
| #define SELECT_TYPE_ARG234 (fd_set *)
| #define SELECT_TYPE_ARG5 (struct timeval *)
| #define RETSIGTYPE void
| #define LSTAT_FOLLOWS_SLASHED_SYMLINK 1
| #define HAVE_VPRINTF 1
| /* end confdefs.h.  */
| 
| /* Override any GCC internal prototype to avoid an error.
|    Use char because int might match the return type of a GCC
|    builtin and then its argument prototype would still apply.  */
| #ifdef __cplusplus
| extern "C"
| #endif
| char logf ();
| int
| main ()
| {
| return logf ();
|   ;
|   return 0;
| }
configure:6437: gcc -o conftest -Wall -g -D_FILE_OFFSET_BITS=64 -O3 -DNDEBUG  -I/usr/local/include  conftest.c -lm  -lz -lexpat  -L/usr/local/lib >&5
conftest.c:62:6: warning: conflicting types for built-in function 'logf' [enabled by default]
configure:6437: $? = 0
configure:6454: result: -lm
configure:6465: checking for dup2
configure:6465: gcc -o conftest -Wall -g -D_FILE_OFFSET_BITS=64 -O3 -DNDEBUG  -I/usr/local/include  conftest.c -lm -lz -lexpat  -L/usr/local/lib >&5
configure:6465: $? = 0
configure:6465: result: yes
configure:6465: checking for gethostbyname
configure:6465: gcc -o conftest -Wall -g -D_FILE_OFFSET_BITS=64 -O3 -DNDEBUG  -I/usr/local/include  conftest.c -lm -lz -lexpat  -L/usr/local/lib >&5
configure:6465: $? = 0
configure:6465: result: yes
configure:6465: checking for gettimeofday
configure:6465: gcc -o conftest -Wall -g -D_FILE_OFFSET_BITS=64 -O3 -DNDEBUG  -I/usr/local/include  conftest.c -lm -lz -lexpat  -L/usr/local/lib >&5
configure:6465: $? = 0
configure:6465: result: yes
configure:6465: checking for memmove
configure:6465: gcc -o conftest -Wall -g -D_FILE_OFFSET_BITS=64 -O3 -DNDEBUG  -I/usr/local/include  conftest.c -lm -lz -lexpat  -L/usr/local/lib >&5
conftest.c:81:6: warning: conflicting types for built-in function 'memmove' [enabled by default]
configure:6465: $? = 0
configure:6465: result: yes
configure:6465: checking for memset
configure:6465: gcc -o conftest -Wall -g -D_FILE_OFFSET_BITS=64 -O3 -DNDEBUG  -I/usr/local/include  conftest.c -lm -lz -lexpat  -L/usr/local/lib >&5
conftest.c:82:6: warning: conflicting types for built-in function 'memset' [enabled by default]
configure:6465: $? = 0
configure:6465: result: yes
configure:6465: checking for select
configure:6465: gcc -o conftest -Wall -g -D_FILE_OFFSET_BITS=64 -O3 -DNDEBUG  -I/usr/local/include  conftest.c -lm -lz -lexpat  -L/usr/local/lib >&5
configure:6465: $? = 0
configure:6465: result: yes
configure:6465: checking for socket
configure:6465: gcc -o conftest -Wall -g -D_FILE_OFFSET_BITS=64 -O3 -DNDEBUG  -I/usr/local/include  conftest.c -lm -lz -lexpat  -L/usr/local/lib >&5
configure:6465: $? = 0
configure:6465: result: yes
configure:6465: checking for strcasecmp
configure:6465: gcc -o conftest -Wall -g -D_FILE_OFFSET_BITS=64 -O3 -DNDEBUG  -I/usr/local/include  conftest.c -lm -lz -lexpat  -L/usr/local/lib >&5
conftest.c:85:6: warning: conflicting types for built-in function 'strcasecmp' [enabled by default]
configure:6465: $? = 0
configure:6465: result: yes
configure:6465: checking for strchr
configure:6465: gcc -o conftest -Wall -g -D_FILE_OFFSET_BITS=64 -O3 -DNDEBUG  -I/usr/local/include  conftest.c -lm -lz -lexpat  -L/usr/local/lib >&5
conftest.c:86:6: warning: conflicting types for built-in function 'strchr' [enabled by default]
configure:6465: $? = 0
configure:6465: result: yes
configure:6465: checking for strerror
configure:6465: gcc -o conftest -Wall -g -D_FILE_OFFSET_BITS=64 -O3 -DNDEBUG  -I/usr/local/include  conftest.c -lm -lz -lexpat  -L/usr/local/lib >&5
configure:6465: $? = 0
configure:6465: result: yes
configure:6465: checking for strncasecmp
configure:6465: gcc -o conftest -Wall -g -D_FILE_OFFSET_BITS=64 -O3 -DNDEBUG  -I/usr/local/include  conftest.c -lm -lz -lexpat  -L/usr/local/lib >&5
conftest.c:88:6: warning: conflicting types for built-in function 'strncasecmp' [enabled by default]
configure:6465: $? = 0
configure:6465: result: yes
configure:6465: checking for strstr
configure:6465: gcc -o conftest -Wall -g -D_FILE_OFFSET_BITS=64 -O3 -DNDEBUG  -I/usr/local/include  conftest.c -lm -lz -lexpat  -L/usr/local/lib >&5
conftest.c:89:6: warning: conflicting types for built-in function 'strstr' [enabled by default]
configure:6465: $? = 0
configure:6465: result: yes
configure:6465: checking for strtol
configure:6465: gcc -o conftest -Wall -g -D_FILE_OFFSET_BITS=64 -O3 -DNDEBUG  -I/usr/local/include  conftest.c -lm -lz -lexpat  -L/usr/local/lib >&5
configure:6465: $? = 0
configure:6465: result: yes
configure:6465: checking for logf
configure:6465: gcc -o conftest -Wall -g -D_FILE_OFFSET_BITS=64 -O3 -DNDEBUG  -I/usr/local/include  conftest.c -lm -lz -lexpat  -L/usr/local/lib >&5
conftest.c:91:6: warning: conflicting types for built-in function 'logf' [enabled by default]
configure:6465: $? = 0
configure:6465: result: yes
configure:6465: checking for pread
configure:6465: gcc -o conftest -Wall -g -D_FILE_OFFSET_BITS=64 -O3 -DNDEBUG  -I/usr/local/include  conftest.c -lm -lz -lexpat  -L/usr/local/lib >&5
configure:6465: $? = 0
configure:6465: result: yes
configure:6477: checking for backtrace
configure:6477: gcc -o conftest -Wall -g -D_FILE_OFFSET_BITS=64 -O3 -DNDEBUG  -I/usr/local/include  conftest.c -lm -lz -lexpat  -L/usr/local/lib >&5
configure:6477: $? = 0
configure:6477: result: yes
configure:6477: checking for backtrace_symbols
configure:6477: gcc -o conftest -Wall -g -D_FILE_OFFSET_BITS=64 -O3 -DNDEBUG  -I/usr/local/include  conftest.c -lm -lz -lexpat  -L/usr/local/lib >&5
configure:6477: $? = 0
configure:6477: result: yes
configure:6491: checking for clock_gettime in -lrt
configure:6516: gcc -o conftest -Wall -g -D_FILE_OFFSET_BITS=64 -O3 -DNDEBUG  -I/usr/local/include  conftest.c -lrt   >&5
configure:6516: $? = 0
configure:6525: result: yes
configure:6544: checking for clock_gettime
configure:6544: gcc -o conftest -Wall -g -D_FILE_OFFSET_BITS=64 -O3 -DNDEBUG  -I/usr/local/include  conftest.c -lm -lz -lexpat  -L/usr/local/lib -lrt  >&5
configure:6544: $? = 0
configure:6544: result: yes
configure:6555: checking for LOCK_EX in sys/file.h
configure:6580: result: yes
configure:6589: checking for F_SETLKW in fcntl.h
configure:6614: result: yes
configure:6626: checking for dlopen in -ldl
configure:6651: gcc -o conftest -Wall -g -D_FILE_OFFSET_BITS=64 -O3 -DNDEBUG  -I/usr/local/include  conftest.c -ldl  -lm -lz -lexpat  -L/usr/local/lib -lrt  >&5
configure:6651: $? = 0
configure:6660: result: yes
configure:6674: checking for dlopen
configure:6674: gcc -o conftest -Wall -g -D_FILE_OFFSET_BITS=64 -O3 -DNDEBUG  -I/usr/local/include  conftest.c -ldl -lm -lz -lexpat  -L/usr/local/lib -lrt  >&5
configure:6674: $? = 0
configure:6674: result: yes
configure:6674: checking for dlerror
configure:6674: gcc -o conftest -Wall -g -D_FILE_OFFSET_BITS=64 -O3 -DNDEBUG  -I/usr/local/include  conftest.c -ldl -lm -lz -lexpat  -L/usr/local/lib -lrt  >&5
configure:6674: $? = 0
configure:6674: result: yes
configure:6686: result: 
configure:6688: result: configuring Sphinx
configure:6691: result: ------------------
configure:6693: result: 
configure:6727: checking for CFLAGS needed for pthreads
configure:6746: gcc -o conftest -Wall -g -D_FILE_OFFSET_BITS=64 -O3 -DNDEBUG  -I/usr/local/include  conftest.c -ldl -lm -lz -lexpat  -L/usr/local/lib -lrt  >&5
conftest.c: In function 'main':
conftest.c:92:17: warning: unused variable 'once_init' [-Wunused-variable]
/tmp/ccKO0QBn.o: In function `main':
/var/www/PHPLibrary/CoreSeek4/csft-4.1/conftest.c:95: undefined reference to `pthread_mutexattr_init'
/var/www/PHPLibrary/CoreSeek4/csft-4.1/conftest.c:96: undefined reference to `pthread_create'
collect2: error: ld returned 1 exit status
configure:6746: $? = 1
configure: program exited with status 1
configure: failed program was:
| /* confdefs.h */
| #define PACKAGE_NAME "sphinx"
| #define PACKAGE_TARNAME "sphinx"
| #define PACKAGE_VERSION "1.11"
| #define PACKAGE_STRING "sphinx 1.11"
| #define PACKAGE_BUGREPORT "shodan(at)shodan.ru"
| #define PACKAGE_URL ""
| #define PACKAGE "sphinx"
| #define VERSION "1.11"
| #define COMPILER "gcc 4.7"
| #define OS_UNAME "Linux whatever 3.8.0-32-generic #47-Ubuntu SMP Tue Oct 1 22:35:23 UTC 2013 x86_64 x86_64 x86_64 GNU/Linux"
| #define STDC_HEADERS 1
| #define HAVE_SYS_WAIT_H 1
| #define HAVE_SYS_TYPES_H 1
| #define HAVE_SYS_STAT_H 1
| #define HAVE_STDLIB_H 1
| #define HAVE_STRING_H 1
| #define HAVE_MEMORY_H 1
| #define HAVE_STRINGS_H 1
| #define HAVE_INTTYPES_H 1
| #define HAVE_STDINT_H 1
| #define HAVE_UNISTD_H 1
| #define HAVE_FCNTL_H 1
| #define HAVE_LIMITS_H 1
| #define HAVE_NETDB_H 1
| #define HAVE_NETINET_IN_H 1
| #define HAVE_STDLIB_H 1
| #define HAVE_STRING_H 1
| #define HAVE_SYS_FILE_H 1
| #define HAVE_SYS_SOCKET_H 1
| #define HAVE_SYS_TIME_H 1
| #define HAVE_UNISTD_H 1
| #define HAVE_PTHREAD_H 1
| #define HAVE_EXECINFO_H 1
| #define HAVE__BOOL 1
| #define HAVE_STDBOOL_H 1
| #define TIME_WITH_SYS_TIME 1
| #define HAVE_FORK 1
| #define HAVE_VFORK 1
| #define HAVE_WORKING_VFORK 1
| #define HAVE_WORKING_FORK 1
| #define HAVE_STDLIB_H 1
| #define HAVE_MALLOC 1
| #define HAVE_STDLIB_H 1
| #define HAVE_REALLOC 1
| #define HAVE_SYS_SELECT_H 1
| #define HAVE_SYS_SOCKET_H 1
| #define SELECT_TYPE_ARG1 int
| #define SELECT_TYPE_ARG234 (fd_set *)
| #define SELECT_TYPE_ARG5 (struct timeval *)
| #define RETSIGTYPE void
| #define LSTAT_FOLLOWS_SLASHED_SYMLINK 1
| #define HAVE_VPRINTF 1
| #define HAVE_DUP2 1
| #define HAVE_GETHOSTBYNAME 1
| #define HAVE_GETTIMEOFDAY 1
| #define HAVE_MEMMOVE 1
| #define HAVE_MEMSET 1
| #define HAVE_SELECT 1
| #define HAVE_SOCKET 1
| #define HAVE_STRCASECMP 1
| #define HAVE_STRCHR 1
| #define HAVE_STRERROR 1
| #define HAVE_STRNCASECMP 1
| #define HAVE_STRSTR 1
| #define HAVE_STRTOL 1
| #define HAVE_LOGF 1
| #define HAVE_PREAD 1
| #define HAVE_BACKTRACE 1
| #define HAVE_BACKTRACE_SYMBOLS 1
| #define HAVE_LIBRT 1
| #define HAVE_CLOCK_GETTIME 1
| #define HAVE_LOCK_EX 1
| #define HAVE_F_SETLKW 1
| #define HAVE_LIBDL 1
| #define HAVE_DLOPEN 1
| #define HAVE_DLERROR 1
| /* end confdefs.h.  */
| 
| #include <pthread.h>
| #include <stddef.h>
| 
| void * thread_routine ( void * data )
| {
| 	return data;
| }
| 
| int main ()
| {
| 	pthread_t thd;
| 	pthread_mutexattr_t mattr;
| 	pthread_once_t once_init = PTHREAD_ONCE_INIT;
| 	int data = 1;
| 
| 	pthread_mutexattr_init ( &mattr );
| 	return pthread_create ( &thd, NULL, thread_routine, &data );
| }
| 
configure:6746: gcc -o conftest -Wall -g -D_FILE_OFFSET_BITS=64 -O3 -DNDEBUG -kthread  -I/usr/local/include  conftest.c -ldl -lm -lz -lexpat  -L/usr/local/lib -lrt  >&5
gcc: error: unrecognized command line option '-kthread'
configure:6746: $? = 1
configure: program exited with status 1
configure: failed program was:
| /* confdefs.h */
| #define PACKAGE_NAME "sphinx"
| #define PACKAGE_TARNAME "sphinx"
| #define PACKAGE_VERSION "1.11"
| #define PACKAGE_STRING "sphinx 1.11"
| #define PACKAGE_BUGREPORT "shodan(at)shodan.ru"
| #define PACKAGE_URL ""
| #define PACKAGE "sphinx"
| #define VERSION "1.11"
| #define COMPILER "gcc 4.7"
| #define OS_UNAME "Linux whatever 3.8.0-32-generic #47-Ubuntu SMP Tue Oct 1 22:35:23 UTC 2013 x86_64 x86_64 x86_64 GNU/Linux"
| #define STDC_HEADERS 1
| #define HAVE_SYS_WAIT_H 1
| #define HAVE_SYS_TYPES_H 1
| #define HAVE_SYS_STAT_H 1
| #define HAVE_STDLIB_H 1
| #define HAVE_STRING_H 1
| #define HAVE_MEMORY_H 1
| #define HAVE_STRINGS_H 1
| #define HAVE_INTTYPES_H 1
| #define HAVE_STDINT_H 1
| #define HAVE_UNISTD_H 1
| #define HAVE_FCNTL_H 1
| #define HAVE_LIMITS_H 1
| #define HAVE_NETDB_H 1
| #define HAVE_NETINET_IN_H 1
| #define HAVE_STDLIB_H 1
| #define HAVE_STRING_H 1
| #define HAVE_SYS_FILE_H 1
| #define HAVE_SYS_SOCKET_H 1
| #define HAVE_SYS_TIME_H 1
| #define HAVE_UNISTD_H 1
| #define HAVE_PTHREAD_H 1
| #define HAVE_EXECINFO_H 1
| #define HAVE__BOOL 1
| #define HAVE_STDBOOL_H 1
| #define TIME_WITH_SYS_TIME 1
| #define HAVE_FORK 1
| #define HAVE_VFORK 1
| #define HAVE_WORKING_VFORK 1
| #define HAVE_WORKING_FORK 1
| #define HAVE_STDLIB_H 1
| #define HAVE_MALLOC 1
| #define HAVE_STDLIB_H 1
| #define HAVE_REALLOC 1
| #define HAVE_SYS_SELECT_H 1
| #define HAVE_SYS_SOCKET_H 1
| #define SELECT_TYPE_ARG1 int
| #define SELECT_TYPE_ARG234 (fd_set *)
| #define SELECT_TYPE_ARG5 (struct timeval *)
| #define RETSIGTYPE void
| #define LSTAT_FOLLOWS_SLASHED_SYMLINK 1
| #define HAVE_VPRINTF 1
| #define HAVE_DUP2 1
| #define HAVE_GETHOSTBYNAME 1
| #define HAVE_GETTIMEOFDAY 1
| #define HAVE_MEMMOVE 1
| #define HAVE_MEMSET 1
| #define HAVE_SELECT 1
| #define HAVE_SOCKET 1
| #define HAVE_STRCASECMP 1
| #define HAVE_STRCHR 1
| #define HAVE_STRERROR 1
| #define HAVE_STRNCASECMP 1
| #define HAVE_STRSTR 1
| #define HAVE_STRTOL 1
| #define HAVE_LOGF 1
| #define HAVE_PREAD 1
| #define HAVE_BACKTRACE 1
| #define HAVE_BACKTRACE_SYMBOLS 1
| #define HAVE_LIBRT 1
| #define HAVE_CLOCK_GETTIME 1
| #define HAVE_LOCK_EX 1
| #define HAVE_F_SETLKW 1
| #define HAVE_LIBDL 1
| #define HAVE_DLOPEN 1
| #define HAVE_DLERROR 1
| /* end confdefs.h.  */
| 
| #include <pthread.h>
| #include <stddef.h>
| 
| void * thread_routine ( void * data )
| {
| 	return data;
| }
| 
| int main ()
| {
| 	pthread_t thd;
| 	pthread_mutexattr_t mattr;
| 	pthread_once_t once_init = PTHREAD_ONCE_INIT;
| 	int data = 1;
| 
| 	pthread_mutexattr_init ( &mattr );
| 	return pthread_create ( &thd, NULL, thread_routine, &data );
| }
| 
configure:6746: gcc -o conftest -Wall -g -D_FILE_OFFSET_BITS=64 -O3 -DNDEBUG -pthread  -I/usr/local/include  conftest.c -ldl -lm -lz -lexpat  -L/usr/local/lib -lrt  >&5
conftest.c: In function 'main':
conftest.c:92:17: warning: unused variable 'once_init' [-Wunused-variable]
configure:6746: $? = 0
configure:6746: ./conftest
configure:6746: $? = 0
configure:6784: result: -pthread
configure:6795: checking for LIBS needed for pthreads
configure:6813: gcc -o conftest -Wall -g -D_FILE_OFFSET_BITS=64 -O3 -DNDEBUG  -I/usr/local/include -pthread  conftest.c -ldl -lm -lz -lexpat  -L/usr/local/lib -lrt  -lpthread >&5
conftest.c: In function 'main':
conftest.c:92:17: warning: unused variable 'once_init' [-Wunused-variable]
configure:6813: $? = 0
configure:6813: ./conftest
configure:6813: $? = 0
configure:6852: result: -lpthread
configure:6861: checking for pthreads
configure:6865: result: found
configure:6877: checking for pthread_mutex_timedlock
configure:6877: gcc -o conftest -Wall -g -D_FILE_OFFSET_BITS=64 -O3 -DNDEBUG  -I/usr/local/include -pthread  conftest.c -ldl -lm -lz -lexpat  -L/usr/local/lib -lrt  -lpthread >&5
configure:6877: $? = 0
configure:6877: result: yes
configure:6898: checking whether to compile with MySQL support
configure:6901: result: yes
configure:6944: checking for mysql_config
configure:6955: result: mysql_config
configure:7046: checking for mysql_real_connect
configure:7046: gcc -o conftest -Wall -g -D_FILE_OFFSET_BITS=64 -O3 -DNDEBUG -I/usr/include/mysql -DBIG_JOINS=1  -fno-strict-aliasing  -g -DNDEBUG  -I/usr/local/include -pthread  conftest.c -ldl -lm -lz -lexpat  -L/usr/local/lib -lrt  -lpthread -L/usr/lib/x86_64-linux-gnu -lmysqlclient -lpthread -lz -lm -ldl >&5
configure:7046: $? = 0
configure:7046: result: yes
configure:7083: checking MySQL include files
configure:7107: result: -I/usr/include/mysql -DBIG_JOINS=1  -fno-strict-aliasing  -g -DNDEBUG
configure:7112: checking MySQL libraries
configure:7136: result: -L/usr/lib/x86_64-linux-gnu -lmysqlclient -lpthread -lz -lm -ldl
configure:7170: checking whether to link statically with MySQL support
configure:7418: result: no
configure:7433: checking whether to compile with PostgreSQL support
configure:7571: result: no
configure:7593: checking whether to compile with libmmseg support
configure:7596: result: yes
configure:7663: checking libmmseg include files
configure:7676: result: -I/usr/local/mmseg3/include/mmseg/
configure:7680: checking libmmseg libraries
configure:7693: result: -L/usr/local/mmseg3/lib/ -lmmseg
configure:7736: checking whether to use 64-bit document/word IDs
configure:7754: result: no
configure:7769: checking whether to compile with libstemmer support
configure:7787: result: no
configure:7804: checking for libexpat
configure:7810: result: found
configure:7830: checking for libiconv
configure:7840: result: found
configure:7843: checking for iconv() arg types
configure:7868: g++ -c -Wall -g -D_FILE_OFFSET_BITS=64 -O3 -DNDEBUG  -I/usr/local/include -pthread -I/usr/include/mysql -DBIG_JOINS=1  -fno-strict-aliasing  -g -DNDEBUG  -I/usr/local/mmseg3/include/mmseg/  conftest.cpp >&5
conftest.cpp: In function 'int main()':
conftest.cpp:94:41: error: invalid conversion from 'const char**' to 'char**' [-fpermissive]
In file included from conftest.cpp:87:0:
/usr/include/iconv.h:42:15: error:   initializing argument 2 of 'size_t iconv(iconv_t, char**, size_t*, char**, size_t*)' [-fpermissive]
configure:7868: $? = 1
configure: failed program was:
| /* confdefs.h */
| #define PACKAGE_NAME "sphinx"
| #define PACKAGE_TARNAME "sphinx"
| #define PACKAGE_VERSION "1.11"
| #define PACKAGE_STRING "sphinx 1.11"
| #define PACKAGE_BUGREPORT "shodan(at)shodan.ru"
| #define PACKAGE_URL ""
| #define PACKAGE "sphinx"
| #define VERSION "1.11"
| #define COMPILER "gcc 4.7"
| #define OS_UNAME "Linux whatever 3.8.0-32-generic #47-Ubuntu SMP Tue Oct 1 22:35:23 UTC 2013 x86_64 x86_64 x86_64 GNU/Linux"
| #define STDC_HEADERS 1
| #define HAVE_SYS_WAIT_H 1
| #define HAVE_SYS_TYPES_H 1
| #define HAVE_SYS_STAT_H 1
| #define HAVE_STDLIB_H 1
| #define HAVE_STRING_H 1
| #define HAVE_MEMORY_H 1
| #define HAVE_STRINGS_H 1
| #define HAVE_INTTYPES_H 1
| #define HAVE_STDINT_H 1
| #define HAVE_UNISTD_H 1
| #define HAVE_FCNTL_H 1
| #define HAVE_LIMITS_H 1
| #define HAVE_NETDB_H 1
| #define HAVE_NETINET_IN_H 1
| #define HAVE_STDLIB_H 1
| #define HAVE_STRING_H 1
| #define HAVE_SYS_FILE_H 1
| #define HAVE_SYS_SOCKET_H 1
| #define HAVE_SYS_TIME_H 1
| #define HAVE_UNISTD_H 1
| #define HAVE_PTHREAD_H 1
| #define HAVE_EXECINFO_H 1
| #define HAVE__BOOL 1
| #define HAVE_STDBOOL_H 1
| #define TIME_WITH_SYS_TIME 1
| #define HAVE_FORK 1
| #define HAVE_VFORK 1
| #define HAVE_WORKING_VFORK 1
| #define HAVE_WORKING_FORK 1
| #define HAVE_STDLIB_H 1
| #define HAVE_MALLOC 1
| #define HAVE_STDLIB_H 1
| #define HAVE_REALLOC 1
| #define HAVE_SYS_SELECT_H 1
| #define HAVE_SYS_SOCKET_H 1
| #define SELECT_TYPE_ARG1 int
| #define SELECT_TYPE_ARG234 (fd_set *)
| #define SELECT_TYPE_ARG5 (struct timeval *)
| #define RETSIGTYPE void
| #define LSTAT_FOLLOWS_SLASHED_SYMLINK 1
| #define HAVE_VPRINTF 1
| #define HAVE_DUP2 1
| #define HAVE_GETHOSTBYNAME 1
| #define HAVE_GETTIMEOFDAY 1
| #define HAVE_MEMMOVE 1
| #define HAVE_MEMSET 1
| #define HAVE_SELECT 1
| #define HAVE_SOCKET 1
| #define HAVE_STRCASECMP 1
| #define HAVE_STRCHR 1
| #define HAVE_STRERROR 1
| #define HAVE_STRNCASECMP 1
| #define HAVE_STRSTR 1
| #define HAVE_STRTOL 1
| #define HAVE_LOGF 1
| #define HAVE_PREAD 1
| #define HAVE_BACKTRACE 1
| #define HAVE_BACKTRACE_SYMBOLS 1
| #define HAVE_LIBRT 1
| #define HAVE_CLOCK_GETTIME 1
| #define HAVE_LOCK_EX 1
| #define HAVE_F_SETLKW 1
| #define HAVE_LIBDL 1
| #define HAVE_DLOPEN 1
| #define HAVE_DLERROR 1
| #define HAVE_PTHREAD_MUTEX_TIMEDLOCK 1
| #define USE_MYSQL 1
| #define USE_MMSEG 1
| #define USE_64BIT 0
| #define USE_LIBSTEMMER 0
| #define USE_LIBEXPAT 1
| #define USE_LIBICONV 1
| /* end confdefs.h.  */
| 
| 			#include <iconv.h>
| 			#include <stdio.h>
| int
| main ()
| {
| const char * inbuf;
| 			iconv_t cd;
| 			iconv ( cd, &inbuf, NULL, NULL, NULL );
| 
|   ;
|   return 0;
| }
configure:7890: result: char **
configure:7927: checking for UnixODBC
configure:8003: result: disabled
configure:8018: checking for Syslog
configure:8032: result: disabled
configure:8037: checking for unaligned RAM access
configure:8084: g++ -o conftest -Wall -g -D_FILE_OFFSET_BITS=64 -O3 -DNDEBUG  -I/usr/local/include -pthread -I/usr/include/mysql -DBIG_JOINS=1  -fno-strict-aliasing  -g -DNDEBUG  -I/usr/local/mmseg3/include/mmseg/   conftest.cpp -ldl -lm -lz -lexpat  -L/usr/local/lib -lrt  -lpthread  >&5
conftest.cpp: In function 'int main()':
conftest.cpp:95:32: warning: comparison between signed and unsigned integer expressions [-Wsign-compare]
configure:8084: $? = 0
configure:8084: ./conftest
configure:8084: $? = 0
configure:8095: result: yes
configure:8108: checking whether byte ordering is bigendian
configure:8123: g++ -c -Wall -g -D_FILE_OFFSET_BITS=64 -O3 -DNDEBUG  -I/usr/local/include -pthread -I/usr/include/mysql -DBIG_JOINS=1  -fno-strict-aliasing  -g -DNDEBUG  -I/usr/local/mmseg3/include/mmseg/  conftest.cpp >&5
conftest.cpp:90:9: error: expected unqualified-id before 'not' token
configure:8123: $? = 1
configure: failed program was:
| /* confdefs.h */
| #define PACKAGE_NAME "sphinx"
| #define PACKAGE_TARNAME "sphinx"
| #define PACKAGE_VERSION "1.11"
| #define PACKAGE_STRING "sphinx 1.11"
| #define PACKAGE_BUGREPORT "shodan(at)shodan.ru"
| #define PACKAGE_URL ""
| #define PACKAGE "sphinx"
| #define VERSION "1.11"
| #define COMPILER "gcc 4.7"
| #define OS_UNAME "Linux whatever 3.8.0-32-generic #47-Ubuntu SMP Tue Oct 1 22:35:23 UTC 2013 x86_64 x86_64 x86_64 GNU/Linux"
| #define STDC_HEADERS 1
| #define HAVE_SYS_WAIT_H 1
| #define HAVE_SYS_TYPES_H 1
| #define HAVE_SYS_STAT_H 1
| #define HAVE_STDLIB_H 1
| #define HAVE_STRING_H 1
| #define HAVE_MEMORY_H 1
| #define HAVE_STRINGS_H 1
| #define HAVE_INTTYPES_H 1
| #define HAVE_STDINT_H 1
| #define HAVE_UNISTD_H 1
| #define HAVE_FCNTL_H 1
| #define HAVE_LIMITS_H 1
| #define HAVE_NETDB_H 1
| #define HAVE_NETINET_IN_H 1
| #define HAVE_STDLIB_H 1
| #define HAVE_STRING_H 1
| #define HAVE_SYS_FILE_H 1
| #define HAVE_SYS_SOCKET_H 1
| #define HAVE_SYS_TIME_H 1
| #define HAVE_UNISTD_H 1
| #define HAVE_PTHREAD_H 1
| #define HAVE_EXECINFO_H 1
| #define HAVE__BOOL 1
| #define HAVE_STDBOOL_H 1
| #define TIME_WITH_SYS_TIME 1
| #define HAVE_FORK 1
| #define HAVE_VFORK 1
| #define HAVE_WORKING_VFORK 1
| #define HAVE_WORKING_FORK 1
| #define HAVE_STDLIB_H 1
| #define HAVE_MALLOC 1
| #define HAVE_STDLIB_H 1
| #define HAVE_REALLOC 1
| #define HAVE_SYS_SELECT_H 1
| #define HAVE_SYS_SOCKET_H 1
| #define SELECT_TYPE_ARG1 int
| #define SELECT_TYPE_ARG234 (fd_set *)
| #define SELECT_TYPE_ARG5 (struct timeval *)
| #define RETSIGTYPE void
| #define LSTAT_FOLLOWS_SLASHED_SYMLINK 1
| #define HAVE_VPRINTF 1
| #define HAVE_DUP2 1
| #define HAVE_GETHOSTBYNAME 1
| #define HAVE_GETTIMEOFDAY 1
| #define HAVE_MEMMOVE 1
| #define HAVE_MEMSET 1
| #define HAVE_SELECT 1
| #define HAVE_SOCKET 1
| #define HAVE_STRCASECMP 1
| #define HAVE_STRCHR 1
| #define HAVE_STRERROR 1
| #define HAVE_STRNCASECMP 1
| #define HAVE_STRSTR 1
| #define HAVE_STRTOL 1
| #define HAVE_LOGF 1
| #define HAVE_PREAD 1
| #define HAVE_BACKTRACE 1
| #define HAVE_BACKTRACE_SYMBOLS 1
| #define HAVE_LIBRT 1
| #define HAVE_CLOCK_GETTIME 1
| #define HAVE_LOCK_EX 1
| #define HAVE_F_SETLKW 1
| #define HAVE_LIBDL 1
| #define HAVE_DLOPEN 1
| #define HAVE_DLERROR 1
| #define HAVE_PTHREAD_MUTEX_TIMEDLOCK 1
| #define USE_MYSQL 1
| #define USE_MMSEG 1
| #define USE_64BIT 0
| #define USE_LIBSTEMMER 0
| #define USE_LIBEXPAT 1
| #define USE_LIBICONV 1
| #define ICONV_INBUF_CONST 0
| #define USE_ZLIB 1
| #define UNALIGNED_RAM_ACCESS 1
| /* end confdefs.h.  */
| #ifndef __APPLE_CC__
| 	       not a universal capable compiler
| 	     #endif
| 	     typedef int dummy;
| 
configure:8168: g++ -c -Wall -g -D_FILE_OFFSET_BITS=64 -O3 -DNDEBUG  -I/usr/local/include -pthread -I/usr/include/mysql -DBIG_JOINS=1  -fno-strict-aliasing  -g -DNDEBUG  -I/usr/local/mmseg3/include/mmseg/  conftest.cpp >&5
configure:8168: $? = 0
configure:8186: g++ -c -Wall -g -D_FILE_OFFSET_BITS=64 -O3 -DNDEBUG  -I/usr/local/include -pthread -I/usr/include/mysql -DBIG_JOINS=1  -fno-strict-aliasing  -g -DNDEBUG  -I/usr/local/mmseg3/include/mmseg/  conftest.cpp >&5
conftest.cpp: In function 'int main()':
conftest.cpp:96:8: error: 'big' was not declared in this scope
conftest.cpp:96:12: error: expected ';' before 'endian'
configure:8186: $? = 1
configure: failed program was:
| /* confdefs.h */
| #define PACKAGE_NAME "sphinx"
| #define PACKAGE_TARNAME "sphinx"
| #define PACKAGE_VERSION "1.11"
| #define PACKAGE_STRING "sphinx 1.11"
| #define PACKAGE_BUGREPORT "shodan(at)shodan.ru"
| #define PACKAGE_URL ""
| #define PACKAGE "sphinx"
| #define VERSION "1.11"
| #define COMPILER "gcc 4.7"
| #define OS_UNAME "Linux whatever 3.8.0-32-generic #47-Ubuntu SMP Tue Oct 1 22:35:23 UTC 2013 x86_64 x86_64 x86_64 GNU/Linux"
| #define STDC_HEADERS 1
| #define HAVE_SYS_WAIT_H 1
| #define HAVE_SYS_TYPES_H 1
| #define HAVE_SYS_STAT_H 1
| #define HAVE_STDLIB_H 1
| #define HAVE_STRING_H 1
| #define HAVE_MEMORY_H 1
| #define HAVE_STRINGS_H 1
| #define HAVE_INTTYPES_H 1
| #define HAVE_STDINT_H 1
| #define HAVE_UNISTD_H 1
| #define HAVE_FCNTL_H 1
| #define HAVE_LIMITS_H 1
| #define HAVE_NETDB_H 1
| #define HAVE_NETINET_IN_H 1
| #define HAVE_STDLIB_H 1
| #define HAVE_STRING_H 1
| #define HAVE_SYS_FILE_H 1
| #define HAVE_SYS_SOCKET_H 1
| #define HAVE_SYS_TIME_H 1
| #define HAVE_UNISTD_H 1
| #define HAVE_PTHREAD_H 1
| #define HAVE_EXECINFO_H 1
| #define HAVE__BOOL 1
| #define HAVE_STDBOOL_H 1
| #define TIME_WITH_SYS_TIME 1
| #define HAVE_FORK 1
| #define HAVE_VFORK 1
| #define HAVE_WORKING_VFORK 1
| #define HAVE_WORKING_FORK 1
| #define HAVE_STDLIB_H 1
| #define HAVE_MALLOC 1
| #define HAVE_STDLIB_H 1
| #define HAVE_REALLOC 1
| #define HAVE_SYS_SELECT_H 1
| #define HAVE_SYS_SOCKET_H 1
| #define SELECT_TYPE_ARG1 int
| #define SELECT_TYPE_ARG234 (fd_set *)
| #define SELECT_TYPE_ARG5 (struct timeval *)
| #define RETSIGTYPE void
| #define LSTAT_FOLLOWS_SLASHED_SYMLINK 1
| #define HAVE_VPRINTF 1
| #define HAVE_DUP2 1
| #define HAVE_GETHOSTBYNAME 1
| #define HAVE_GETTIMEOFDAY 1
| #define HAVE_MEMMOVE 1
| #define HAVE_MEMSET 1
| #define HAVE_SELECT 1
| #define HAVE_SOCKET 1
| #define HAVE_STRCASECMP 1
| #define HAVE_STRCHR 1
| #define HAVE_STRERROR 1
| #define HAVE_STRNCASECMP 1
| #define HAVE_STRSTR 1
| #define HAVE_STRTOL 1
| #define HAVE_LOGF 1
| #define HAVE_PREAD 1
| #define HAVE_BACKTRACE 1
| #define HAVE_BACKTRACE_SYMBOLS 1
| #define HAVE_LIBRT 1
| #define HAVE_CLOCK_GETTIME 1
| #define HAVE_LOCK_EX 1
| #define HAVE_F_SETLKW 1
| #define HAVE_LIBDL 1
| #define HAVE_DLOPEN 1
| #define HAVE_DLERROR 1
| #define HAVE_PTHREAD_MUTEX_TIMEDLOCK 1
| #define USE_MYSQL 1
| #define USE_MMSEG 1
| #define USE_64BIT 0
| #define USE_LIBSTEMMER 0
| #define USE_LIBEXPAT 1
| #define USE_LIBICONV 1
| #define ICONV_INBUF_CONST 0
| #define USE_ZLIB 1
| #define UNALIGNED_RAM_ACCESS 1
| /* end confdefs.h.  */
| #include <sys/types.h>
| 		#include <sys/param.h>
| 
| int
| main ()
| {
| #if BYTE_ORDER != BIG_ENDIAN
| 		 not big endian
| 		#endif
| 
|   ;
|   return 0;
| }
configure:8314: result: no
configure:8336: result: 
configure:8338: result: generating configuration files
configure:8341: result: ------------------------------
configure:8343: result: 
configure:8517: creating ./config.status

## ---------------------- ##
## Running config.status. ##
## ---------------------- ##

This file was extended by sphinx config.status 1.11, which was
generated by GNU Autoconf 2.69.  Invocation command line was

  CONFIG_FILES    = 
  CONFIG_HEADERS  = 
  CONFIG_LINKS    = 
  CONFIG_COMMANDS = 
  $ ./config.status 

on whatever

config.status:962: creating Makefile
config.status:962: creating src/Makefile
config.status:962: creating libstemmer_c/Makefile
config.status:962: creating doc/Makefile
config.status:962: creating sphinx.conf.dist
config.status:962: creating sphinx-min.conf.dist
config.status:962: creating config/config.h
config.status:1191: executing depfiles commands
configure:9843: result: 
configure:9845: result: configuration done
configure:9848: result: ------------------
configure:9850: result: 

## ---------------- ##
## Cache variables. ##
## ---------------- ##

ac_cv_c_bigendian=no
ac_cv_c_compiler_gnu=yes
ac_cv_c_const=yes
ac_cv_c_inline=inline
ac_cv_cxx_compiler_gnu=yes
ac_cv_define_F_SETLKW=yes
ac_cv_define_LOCK_EX=yes
ac_cv_env_CCC_set=
ac_cv_env_CCC_value=
ac_cv_env_CC_set=
ac_cv_env_CC_value=
ac_cv_env_CFLAGS_set=
ac_cv_env_CFLAGS_value=
ac_cv_env_CPPFLAGS_set=
ac_cv_env_CPPFLAGS_value=
ac_cv_env_CPP_set=
ac_cv_env_CPP_value=
ac_cv_env_CXXFLAGS_set=
ac_cv_env_CXXFLAGS_value=
ac_cv_env_CXX_set=
ac_cv_env_CXX_value=
ac_cv_env_LDFLAGS_set=
ac_cv_env_LDFLAGS_value=
ac_cv_env_LIBS_set=
ac_cv_env_LIBS_value=
ac_cv_env_PYTHON_set=
ac_cv_env_PYTHON_value=
ac_cv_env_build_alias_set=
ac_cv_env_build_alias_value=
ac_cv_env_host_alias_set=
ac_cv_env_host_alias_value=
ac_cv_env_target_alias_set=
ac_cv_env_target_alias_value=
ac_cv_func__doprnt=no
ac_cv_func_backtrace=yes
ac_cv_func_backtrace_symbols=yes
ac_cv_func_clock_gettime=yes
ac_cv_func_dlerror=yes
ac_cv_func_dlopen=yes
ac_cv_func_dup2=yes
ac_cv_func_fork=yes
ac_cv_func_fork_works=yes
ac_cv_func_gethostbyname=yes
ac_cv_func_gettimeofday=yes
ac_cv_func_logf=yes
ac_cv_func_lstat_dereferences_slashed_symlink=yes
ac_cv_func_malloc_0_nonnull=yes
ac_cv_func_memmove=yes
ac_cv_func_memset=yes
ac_cv_func_mysql_real_connect=yes
ac_cv_func_pread=yes
ac_cv_func_pthread_mutex_timedlock=yes
ac_cv_func_realloc_0_nonnull=yes
ac_cv_func_select=yes
ac_cv_func_select_args='int,fd_set *,struct timeval *'
ac_cv_func_socket=yes
ac_cv_func_stat_empty_string_bug=no
ac_cv_func_strcasecmp=yes
ac_cv_func_strchr=yes
ac_cv_func_strerror=yes
ac_cv_func_strncasecmp=yes
ac_cv_func_strstr=yes
ac_cv_func_strtol=yes
ac_cv_func_vfork=yes
ac_cv_func_vfork_works=yes
ac_cv_func_vprintf=yes
ac_cv_header_execinfo_h=yes
ac_cv_header_expat_h=yes
ac_cv_header_fcntl_h=yes
ac_cv_header_iconv_h=yes
ac_cv_header_inttypes_h=yes
ac_cv_header_limits_h=yes
ac_cv_header_memory_h=yes
ac_cv_header_netdb_h=yes
ac_cv_header_netinet_in_h=yes
ac_cv_header_pthread_h=yes
ac_cv_header_sql_h=no
ac_cv_header_stdbool_h=yes
ac_cv_header_stdc=yes
ac_cv_header_stdint_h=yes
ac_cv_header_stdlib_h=yes
ac_cv_header_string_h=yes
ac_cv_header_strings_h=yes
ac_cv_header_sys_file_h=yes
ac_cv_header_sys_select_h=yes
ac_cv_header_sys_socket_h=yes
ac_cv_header_sys_stat_h=yes
ac_cv_header_sys_time_h=yes
ac_cv_header_sys_types_h=yes
ac_cv_header_sys_wait_h=yes
ac_cv_header_syslog_h=yes
ac_cv_header_time=yes
ac_cv_header_unistd_h=yes
ac_cv_header_vfork_h=no
ac_cv_header_zlib_h=yes
ac_cv_lib_dl_dlopen=yes
ac_cv_lib_rt_clock_gettime=yes
ac_cv_mmseg_includes=/usr/local/mmseg3/include/mmseg/
ac_cv_mmseg_libs=/usr/local/mmseg3/lib/
ac_cv_objext=o
ac_cv_path_EGREP='/bin/grep -E'
ac_cv_path_GREP=/bin/grep
ac_cv_path_PYTHON=/usr/bin/python
ac_cv_path_install='/usr/bin/install -c'
ac_cv_path_mkdir=/bin/mkdir
ac_cv_prog_AWK=mawk
ac_cv_prog_CPP='gcc -E'
ac_cv_prog_ac_ct_CC=gcc
ac_cv_prog_ac_ct_CXX=g++
ac_cv_prog_ac_ct_RANLIB=ranlib
ac_cv_prog_cc_c89=
ac_cv_prog_cc_g=yes
ac_cv_prog_cxx_g=yes
ac_cv_prog_make_make_set=yes
ac_cv_search_XML_Parse=-lexpat
ac_cv_search_gethostbyname='none required'
ac_cv_search_iconv='none required'
ac_cv_search_inflate=-lz
ac_cv_search_logf=-lm
ac_cv_search_setsockopt='none required'
ac_cv_type__Bool=yes
ac_cv_type_off_t=yes
ac_cv_type_pid_t=yes
ac_cv_type_signal=void
ac_cv_type_size_t=yes
ac_cv_use_debug=no
ac_cv_use_iconv=yes
ac_cv_use_libstemmer=no
ac_cv_use_mmseg=yes
ac_cv_use_mysql=yes
ac_cv_use_pgsql=no
ac_cv_use_static_mysql=no
ac_cv_use_syslog=no
ac_cv_use_unixodbc=no
am_cv_CC_dependencies_compiler_type=gcc3
am_cv_CXX_dependencies_compiler_type=gcc3
am_cv_python_platform=linux2
am_cv_python_pyexecdir='${exec_prefix}/lib/python2.7/site-packages'
am_cv_python_pythondir='${prefix}/lib/python2.7/site-packages'
am_cv_python_version=2.7
sphinx_cv_pthreads_cflags=-pthread
sphinx_cv_pthreads_libs=-lpthread
sphinx_cv_unaligned_ram_access=yes

## ----------------- ##
## Output variables. ##
## ----------------- ##

ACLOCAL='${SHELL} /var/www/PHPLibrary/CoreSeek4/csft-4.1/config/missing --run aclocal-1.11'
AMDEPBACKSLASH='\'
AMDEP_FALSE='#'
AMDEP_TRUE=''
AMTAR='$${TAR-tar}'
AUTOCONF='${SHELL} /var/www/PHPLibrary/CoreSeek4/csft-4.1/config/missing --run autoconf'
AUTOHEADER='${SHELL} /var/www/PHPLibrary/CoreSeek4/csft-4.1/config/missing --run autoheader'
AUTOMAKE='${SHELL} /var/www/PHPLibrary/CoreSeek4/csft-4.1/config/missing --run automake-1.11'
AWK='mawk'
CC='gcc'
CCDEPMODE='depmode=gcc3'
CFLAGS='-Wall -g -D_FILE_OFFSET_BITS=64 -O3 -DNDEBUG'
CONFDIR='/usr/local/coreseek/var'
CPP='gcc -E'
CPPFLAGS=' -I/usr/local/include -pthread -I/usr/include/mysql -DBIG_JOINS=1  -fno-strict-aliasing  -g -DNDEBUG  -I/usr/local/mmseg3/include/mmseg/ '
CXX='g++'
CXXDEPMODE='depmode=gcc3'
CXXFLAGS='-Wall -g -D_FILE_OFFSET_BITS=64 -O3 -DNDEBUG'
CYGPATH_W='echo'
DEFS='-DHAVE_CONFIG_H'
DEPDIR='.deps'
ECHO_C=''
ECHO_N='-n'
ECHO_T=''
EGREP='/bin/grep -E'
EXEEXT=''
GREP='/bin/grep'
INSTALL_DATA='${INSTALL} -m 644'
INSTALL_PROGRAM='${INSTALL}'
INSTALL_SCRIPT='${INSTALL}'
INSTALL_STRIP_PROGRAM='$(install_sh) -c -s'
LDFLAGS=''
LIBOBJS=''
LIBRT='-lrt '
LIBS='-ldl -lm -lz -lexpat  -L/usr/local/lib -lrt  -lpthread '
LTLIBOBJS=''
MAINT='#'
MAINTAINER_MODE_FALSE=''
MAINTAINER_MODE_TRUE='#'
MAKEINFO='${SHELL} /var/www/PHPLibrary/CoreSeek4/csft-4.1/config/missing --run makeinfo'
MKDIR_P='/bin/mkdir -p'
MMSEG_CFLAGS='-I/usr/local/mmseg3/include/mmseg/'
MMSEG_LIBS='-L/usr/local/mmseg3/lib/ -lmmseg'
MYSQL_CFLAGS='-I/usr/include/mysql -DBIG_JOINS=1  -fno-strict-aliasing  -g -DNDEBUG'
MYSQL_LIBS='-L/usr/lib/x86_64-linux-gnu -lmysqlclient -lpthread -lz -lm -ldl'
OBJEXT='o'
PACKAGE='sphinx'
PACKAGE_BUGREPORT='shodan(at)shodan.ru'
PACKAGE_NAME='sphinx'
PACKAGE_STRING='sphinx 1.11'
PACKAGE_TARNAME='sphinx'
PACKAGE_URL=''
PACKAGE_VERSION='1.11'
PATH_SEPARATOR=':'
PGSQL_CFLAGS=''
PGSQL_LIBS=''
PYTHON='/usr/bin/python'
PYTHON_CPPFLAGS=''
PYTHON_EXEC_PREFIX='${exec_prefix}'
PYTHON_LIBS=''
PYTHON_PLATFORM='linux2'
PYTHON_PREFIX='${prefix}'
PYTHON_VERSION='2.7'
RANLIB='ranlib'
SET_MAKE=''
SHELL='/bin/bash'
STRIP=''
USE_LIBSTEMMER_FALSE=''
USE_LIBSTEMMER_TRUE='#'
USE_MMSEG_FALSE='#'
USE_MMSEG_TRUE=''
USE_MYSQL_FALSE='#'
USE_MYSQL_TRUE=''
USE_PGSQL_FALSE=''
USE_PGSQL_TRUE='#'
USE_PYTHON_FALSE=''
USE_PYTHON_TRUE='#'
VERSION='1.11'
ac_ct_CC='gcc'
ac_ct_CXX='g++'
am__EXEEXT_FALSE=''
am__EXEEXT_TRUE='#'
am__fastdepCC_FALSE='#'
am__fastdepCC_TRUE=''
am__fastdepCXX_FALSE='#'
am__fastdepCXX_TRUE=''
am__include='include'
am__isrc=''
am__leading_dot='.'
am__nodep='_no'
am__quote=''
am__tar='$${TAR-tar} chof - "$$tardir"'
am__untar='$${TAR-tar} xf -'
bindir='${exec_prefix}/bin'
build_alias=''
datadir='${datarootdir}'
datarootdir='${prefix}/share'
docdir='${datarootdir}/doc/${PACKAGE_TARNAME}'
dvidir='${docdir}'
exec_prefix='${prefix}'
host_alias=''
htmldir='${docdir}'
includedir='${prefix}/include'
infodir='${datarootdir}/info'
install_sh='${SHELL} /var/www/PHPLibrary/CoreSeek4/csft-4.1/config/install-sh'
libdir='${exec_prefix}/lib'
libexecdir='${exec_prefix}/libexec'
localedir='${datarootdir}/locale'
localstatedir='${prefix}/var'
mandir='${datarootdir}/man'
mkdir_p='/bin/mkdir -p'
oldincludedir='/usr/include'
pdfdir='${docdir}'
pgconfig=''
pkgpyexecdir='${pyexecdir}/sphinx'
pkgpythondir='${pythondir}/sphinx'
prefix='/usr/local/coreseek'
program_transform_name='s,x,x,'
psdir='${docdir}'
pyexecdir='${exec_prefix}/lib/python2.7/site-packages'
pythondir='${prefix}/lib/python2.7/site-packages'
sbindir='${exec_prefix}/sbin'
sharedstatedir='${prefix}/com'
sysconfdir='${prefix}/etc'
target_alias=''

## ----------- ##
## confdefs.h. ##
## ----------- ##

/* confdefs.h */
#define PACKAGE_NAME "sphinx"
#define PACKAGE_TARNAME "sphinx"
#define PACKAGE_VERSION "1.11"
#define PACKAGE_STRING "sphinx 1.11"
#define PACKAGE_BUGREPORT "shodan(at)shodan.ru"
#define PACKAGE_URL ""
#define PACKAGE "sphinx"
#define VERSION "1.11"
#define COMPILER "gcc 4.7"
#define OS_UNAME "Linux whatever 3.8.0-32-generic #47-Ubuntu SMP Tue Oct 1 22:35:23 UTC 2013 x86_64 x86_64 x86_64 GNU/Linux"
#define STDC_HEADERS 1
#define HAVE_SYS_WAIT_H 1
#define HAVE_SYS_TYPES_H 1
#define HAVE_SYS_STAT_H 1
#define HAVE_STDLIB_H 1
#define HAVE_STRING_H 1
#define HAVE_MEMORY_H 1
#define HAVE_STRINGS_H 1
#define HAVE_INTTYPES_H 1
#define HAVE_STDINT_H 1
#define HAVE_UNISTD_H 1
#define HAVE_FCNTL_H 1
#define HAVE_LIMITS_H 1
#define HAVE_NETDB_H 1
#define HAVE_NETINET_IN_H 1
#define HAVE_STDLIB_H 1
#define HAVE_STRING_H 1
#define HAVE_SYS_FILE_H 1
#define HAVE_SYS_SOCKET_H 1
#define HAVE_SYS_TIME_H 1
#define HAVE_UNISTD_H 1
#define HAVE_PTHREAD_H 1
#define HAVE_EXECINFO_H 1
#define HAVE__BOOL 1
#define HAVE_STDBOOL_H 1
#define TIME_WITH_SYS_TIME 1
#define HAVE_FORK 1
#define HAVE_VFORK 1
#define HAVE_WORKING_VFORK 1
#define HAVE_WORKING_FORK 1
#define HAVE_STDLIB_H 1
#define HAVE_MALLOC 1
#define HAVE_STDLIB_H 1
#define HAVE_REALLOC 1
#define HAVE_SYS_SELECT_H 1
#define HAVE_SYS_SOCKET_H 1
#define SELECT_TYPE_ARG1 int
#define SELECT_TYPE_ARG234 (fd_set *)
#define SELECT_TYPE_ARG5 (struct timeval *)
#define RETSIGTYPE void
#define LSTAT_FOLLOWS_SLASHED_SYMLINK 1
#define HAVE_VPRINTF 1
#define HAVE_DUP2 1
#define HAVE_GETHOSTBYNAME 1
#define HAVE_GETTIMEOFDAY 1
#define HAVE_MEMMOVE 1
#define HAVE_MEMSET 1
#define HAVE_SELECT 1
#define HAVE_SOCKET 1
#define HAVE_STRCASECMP 1
#define HAVE_STRCHR 1
#define HAVE_STRERROR 1
#define HAVE_STRNCASECMP 1
#define HAVE_STRSTR 1
#define HAVE_STRTOL 1
#define HAVE_LOGF 1
#define HAVE_PREAD 1
#define HAVE_BACKTRACE 1
#define HAVE_BACKTRACE_SYMBOLS 1
#define HAVE_LIBRT 1
#define HAVE_CLOCK_GETTIME 1
#define HAVE_LOCK_EX 1
#define HAVE_F_SETLKW 1
#define HAVE_LIBDL 1
#define HAVE_DLOPEN 1
#define HAVE_DLERROR 1
#define HAVE_PTHREAD_MUTEX_TIMEDLOCK 1
#define USE_MYSQL 1
#define USE_MMSEG 1
#define USE_64BIT 0
#define USE_LIBSTEMMER 0
#define USE_LIBEXPAT 1
#define USE_LIBICONV 1
#define ICONV_INBUF_CONST 0
#define USE_ZLIB 1
#define UNALIGNED_RAM_ACCESS 1
#define USE_LITTLE_ENDIAN 1

configure: exit 0
