[Sun Oct 27 23:15:06.743 2013] 0.030 sec [any/0/rel 3 (0,20)] [mysql] 老赵
[Sun Oct 27 23:15:44.061 2013] 0.003 sec [any/0/rel 3 (0,20)] [mysql] 老赵
[Sun Oct 27 23:15:44.994 2013] 0.004 sec [any/0/rel 3 (0,20)] [mysql] 老赵
[Sun Oct 27 23:16:07.529 2013] 0.003 sec [any/0/rel 1 (0,20)] [mysql] 赵
[Sun Oct 27 23:16:08.184 2013] 0.003 sec [any/0/rel 1 (0,20)] [mysql] 赵
[Sun Oct 27 23:50:47.285 2013] 0.002 sec [any/0/rel 1 (0,20)] [mysql] 赵
[Sun Oct 27 23:50:48.494 2013] 0.006 sec [any/0/rel 1 (0,20)] [mysql] 赵
[Sun Oct 27 23:50:48.894 2013] 0.005 sec [any/0/rel 1 (0,20)] [mysql] 赵
[Sun Oct 27 23:51:00.710 2013] 0.003 sec [any/0/rel 3 (0,20)] [mysql] 老王
[Sun Oct 27 23:51:01.499 2013] 0.003 sec [any/0/rel 3 (0,20)] [mysql] 老王
[Mon Oct 28 00:57:06.720 2013] 0.033 sec [any/0/rel 3 (0,20)] [mysql] 老王
[Mon Oct 28 00:57:11.336 2013] 0.003 sec [any/0/rel 3 (0,20)] [mysql] 老王
[Mon Oct 28 00:57:26.831 2013] 0.002 sec [any/0/rel 0 (0,20)] [mysql] 1
[Mon Oct 28 00:58:02.139 2013] 0.004 sec [any/0/rel 3 (0,20)] [mysql] 教育出版社
[Mon Oct 28 01:05:42.203 2013] 0.002 sec [any/0/rel 0 (0,20)] [mysql] ""/1
[Mon Oct 28 01:05:43.032 2013] 0.003 sec [any/0/rel 0 (0,20)] [mysql] ""/1
[Mon Oct 28 01:05:50.146 2013] 0.002 sec [any/0/rel 3 (0,20)] [mysql] 教育出版社
[Mon Oct 28 01:05:52.583 2013] 0.003 sec [any/0/rel 3 (0,20)] [mysql] 教育出版社
[Mon Oct 28 01:10:02.430 2013] 0.003 sec [any/0/rel 0 (0,20)] [mysql] ""/1
[Mon Oct 28 01:10:03.928 2013] 0.002 sec [any/0/rel 0 (0,20)] [mysql] ""/1
[Mon Oct 28 01:10:49.624 2013] 0.002 sec [any/0/rel 0 (0,20)] [mysql] ""/1
[Mon Oct 28 01:11:01.253 2013] 0.002 sec [any/0/rel 0 (0,20)] [mysql] ""/1
[Mon Oct 28 01:12:15.918 2013] 0.002 sec [any/0/rel 0 (0,20)] [mysql] ""/1
[Mon Oct 28 01:14:35.943 2013] 0.002 sec [any/0/rel 0 (0,20)] [mysql] ""/1
[Mon Oct 28 01:14:36.555 2013] 0.004 sec [any/0/rel 0 (0,20)] [mysql] ""/1
[Mon Oct 28 01:14:48.128 2013] 0.002 sec [any/0/rel 0 (0,20)] [mysql] ""/1
[Mon Oct 28 01:16:58.690 2013] 0.003 sec [any/0/rel 0 (0,20)] [mysql] ""/1
[Mon Oct 28 01:17:03.134 2013] 0.003 sec [any/0/rel 0 (0,20)] [mysql] q
[Sat Nov  2 03:18:32.830 2013] 0.063 sec [any/0/rel 3 (0,20)] [mysql] 老王
[Sat Nov  2 03:18:44.401 2013] 0.003 sec [any/0/rel 3 (0,20)] [mysql] 老王
[Sat Nov  2 03:19:42.221 2013] 0.002 sec [any/0/rel 3 (0,20)] [mysql] 老王
[Sat Nov  2 03:19:51.721 2013] 0.002 sec [any/0/rel 3 (0,20)] [mysql] 老王
[Sat Nov  2 03:20:00.772 2013] 0.002 sec [any/0/rel 3 (0,20)] [mysql] 老王
[Sat Nov  2 03:23:20.654 2013] 0.002 sec [any/0/rel 3 (0,20)] [mysql] 老王
[Sat Nov  2 03:25:20.779 2013] 0.003 sec [any/0/rel 3 (0,20)] [mysql] 老王
[Sat Nov  2 03:26:32.846 2013] 0.003 sec [any/0/rel 3 (0,20)] [mysql] 老王
[Sat Nov  2 03:27:07.673 2013] 0.003 sec [any/0/rel 3 (0,20)] [mysql] 老王
[Sat Nov  2 03:27:08.334 2013] 0.002 sec [any/0/rel 3 (0,20)] [mysql] 老王
[Sat Nov  2 03:27:09.183 2013] 0.003 sec [any/0/rel 3 (0,20)] [mysql] 老王
[Sat Nov  2 03:27:12.458 2013] 0.002 sec [any/0/rel 3 (0,20)] [mysql] 老王
